2022/11/16 18:04:38 [emerg] 1#1: host not found in upstream "wordpress" in /etc/nginx/conf.d/wordpress.conf:18
2022/11/16 18:04:49 [emerg] 1#1: host not found in upstream "wordpress" in /etc/nginx/conf.d/wordpress.conf:18
2022/11/16 18:05:00 [emerg] 1#1: host not found in upstream "wordpress" in /etc/nginx/conf.d/wordpress.conf:18
2022/11/16 18:05:11 [emerg] 1#1: host not found in upstream "wordpress" in /etc/nginx/conf.d/wordpress.conf:18
2022/11/16 18:05:22 [emerg] 1#1: host not found in upstream "wordpress" in /etc/nginx/conf.d/wordpress.conf:18
2022/11/16 18:05:33 [emerg] 1#1: host not found in upstream "wordpress" in /etc/nginx/conf.d/wordpress.conf:18
2022/11/16 18:05:43 [emerg] 1#1: host not found in upstream "wordpress" in /etc/nginx/conf.d/wordpress.conf:18
2022/11/16 18:05:54 [emerg] 1#1: host not found in upstream "wordpress" in /etc/nginx/conf.d/wordpress.conf:18
2022/11/16 18:06:05 [emerg] 1#1: host not found in upstream "wordpress" in /etc/nginx/conf.d/wordpress.conf:18
2022/11/16 18:06:16 [emerg] 1#1: host not found in upstream "wordpress" in /etc/nginx/conf.d/wordpress.conf:18
2022/11/16 18:06:27 [emerg] 1#1: host not found in upstream "wordpress" in /etc/nginx/conf.d/wordpress.conf:18
2022/11/16 18:06:38 [emerg] 1#1: host not found in upstream "wordpress" in /etc/nginx/conf.d/wordpress.conf:18
2022/11/16 18:06:49 [emerg] 1#1: host not found in upstream "wordpress" in /etc/nginx/conf.d/wordpress.conf:18
2022/11/16 18:07:06 [notice] 1#1: using the "epoll" event method
2022/11/16 18:07:06 [notice] 1#1: nginx/1.23.2
2022/11/16 18:07:06 [notice] 1#1: built by gcc 10.2.1 20210110 (Debian 10.2.1-6) 
2022/11/16 18:07:06 [notice] 1#1: OS: Linux 5.10.102.1-microsoft-standard-WSL2
2022/11/16 18:07:06 [notice] 1#1: getrlimit(RLIMIT_NOFILE): 1048576:1048576
2022/11/16 18:07:06 [notice] 1#1: start worker processes
2022/11/16 18:07:06 [notice] 1#1: start worker process 20
2022/11/16 18:07:06 [notice] 1#1: start worker process 21
2022/11/16 18:07:06 [notice] 1#1: start worker process 22
2022/11/16 18:07:06 [notice] 1#1: start worker process 23
2022/11/16 18:07:06 [notice] 1#1: start worker process 24
2022/11/16 18:07:06 [notice] 1#1: start worker process 25
2022/11/16 18:07:06 [notice] 1#1: start worker process 26
2022/11/16 18:07:06 [notice] 1#1: start worker process 27
2022/11/16 18:07:06 [notice] 1#1: start worker process 28
2022/11/16 18:07:06 [notice] 1#1: start worker process 29
2022/11/16 18:07:06 [notice] 1#1: start worker process 30
2022/11/16 18:07:06 [notice] 1#1: start worker process 31
2022/11/16 18:10:17 [notice] 1#1: signal 3 (SIGQUIT) received, shutting down
2022/11/16 18:10:17 [notice] 21#21: gracefully shutting down
2022/11/16 18:10:17 [notice] 20#20: gracefully shutting down
2022/11/16 18:10:17 [notice] 22#22: gracefully shutting down
2022/11/16 18:10:17 [notice] 23#23: gracefully shutting down
2022/11/16 18:10:17 [notice] 24#24: gracefully shutting down
2022/11/16 18:10:17 [notice] 25#25: gracefully shutting down
2022/11/16 18:10:17 [notice] 26#26: gracefully shutting down
2022/11/16 18:10:17 [notice] 28#28: gracefully shutting down
2022/11/16 18:10:17 [notice] 27#27: gracefully shutting down
2022/11/16 18:10:17 [notice] 29#29: gracefully shutting down
2022/11/16 18:10:17 [notice] 30#30: gracefully shutting down
2022/11/16 18:10:17 [notice] 31#31: gracefully shutting down
2022/11/16 18:10:17 [notice] 31#31: exiting
2022/11/16 18:10:17 [notice] 21#21: exiting
2022/11/16 18:10:17 [notice] 20#20: exiting
2022/11/16 18:10:17 [notice] 22#22: exiting
2022/11/16 18:10:17 [notice] 23#23: exiting
2022/11/16 18:10:17 [notice] 24#24: exiting
2022/11/16 18:10:17 [notice] 25#25: exiting
2022/11/16 18:10:17 [notice] 26#26: exiting
2022/11/16 18:10:17 [notice] 28#28: exiting
2022/11/16 18:10:17 [notice] 27#27: exiting
2022/11/16 18:10:17 [notice] 29#29: exiting
2022/11/16 18:10:17 [notice] 30#30: exiting
2022/11/16 18:10:17 [notice] 31#31: exit
2022/11/16 18:10:17 [notice] 21#21: exit
2022/11/16 18:10:17 [notice] 20#20: exit
2022/11/16 18:10:17 [notice] 22#22: exit
2022/11/16 18:10:17 [notice] 23#23: exit
2022/11/16 18:10:17 [notice] 24#24: exit
2022/11/16 18:10:17 [notice] 25#25: exit
2022/11/16 18:10:17 [notice] 26#26: exit
2022/11/16 18:10:17 [notice] 28#28: exit
2022/11/16 18:10:17 [notice] 27#27: exit
2022/11/16 18:10:17 [notice] 29#29: exit
2022/11/16 18:10:17 [notice] 30#30: exit
2022/11/16 18:10:17 [notice] 1#1: signal 17 (SIGCHLD) received from 26
2022/11/16 18:10:17 [notice] 1#1: worker process 20 exited with code 0
2022/11/16 18:10:17 [notice] 1#1: worker process 21 exited with code 0
2022/11/16 18:10:17 [notice] 1#1: worker process 24 exited with code 0
2022/11/16 18:10:17 [notice] 1#1: worker process 26 exited with code 0
2022/11/16 18:10:17 [notice] 1#1: worker process 28 exited with code 0
2022/11/16 18:10:17 [notice] 1#1: worker process 30 exited with code 0
2022/11/16 18:10:17 [notice] 1#1: worker process 31 exited with code 0
2022/11/16 18:10:17 [notice] 1#1: signal 29 (SIGIO) received
2022/11/16 18:10:17 [notice] 1#1: signal 17 (SIGCHLD) received from 30
2022/11/16 18:10:17 [notice] 1#1: signal 17 (SIGCHLD) received from 23
2022/11/16 18:10:17 [notice] 1#1: worker process 22 exited with code 0
2022/11/16 18:10:17 [notice] 1#1: worker process 23 exited with code 0
2022/11/16 18:10:17 [notice] 1#1: worker process 25 exited with code 0
2022/11/16 18:10:17 [notice] 1#1: worker process 27 exited with code 0
2022/11/16 18:10:17 [notice] 1#1: worker process 29 exited with code 0
2022/11/16 18:10:17 [notice] 1#1: exit
2022/11/16 18:10:28 [notice] 1#1: using the "epoll" event method
2022/11/16 18:10:28 [notice] 1#1: nginx/1.23.2
2022/11/16 18:10:28 [notice] 1#1: built by gcc 10.2.1 20210110 (Debian 10.2.1-6) 
2022/11/16 18:10:28 [notice] 1#1: OS: Linux 5.10.102.1-microsoft-standard-WSL2
2022/11/16 18:10:28 [notice] 1#1: getrlimit(RLIMIT_NOFILE): 1048576:1048576
2022/11/16 18:10:28 [notice] 1#1: start worker processes
2022/11/16 18:10:28 [notice] 1#1: start worker process 20
2022/11/16 18:10:28 [notice] 1#1: start worker process 21
2022/11/16 18:10:28 [notice] 1#1: start worker process 22
2022/11/16 18:10:28 [notice] 1#1: start worker process 23
2022/11/16 18:10:28 [notice] 1#1: start worker process 24
2022/11/16 18:10:28 [notice] 1#1: start worker process 25
2022/11/16 18:10:28 [notice] 1#1: start worker process 26
2022/11/16 18:10:28 [notice] 1#1: start worker process 27
2022/11/16 18:10:28 [notice] 1#1: start worker process 28
2022/11/16 18:10:28 [notice] 1#1: start worker process 29
2022/11/16 18:10:28 [notice] 1#1: start worker process 30
2022/11/16 18:10:28 [notice] 1#1: start worker process 31
2022/11/16 18:12:12 [notice] 1#1: signal 3 (SIGQUIT) received, shutting down
2022/11/16 18:12:12 [notice] 20#20: gracefully shutting down
2022/11/16 18:12:12 [notice] 27#27: gracefully shutting down
2022/11/16 18:12:12 [notice] 22#22: gracefully shutting down
2022/11/16 18:12:12 [notice] 21#21: gracefully shutting down
2022/11/16 18:12:12 [notice] 24#24: gracefully shutting down
2022/11/16 18:12:12 [notice] 24#24: exiting
2022/11/16 18:12:12 [notice] 23#23: gracefully shutting down
2022/11/16 18:12:12 [notice] 25#25: gracefully shutting down
2022/11/16 18:12:12 [notice] 26#26: gracefully shutting down
2022/11/16 18:12:12 [notice] 28#28: gracefully shutting down
2022/11/16 18:12:12 [notice] 30#30: gracefully shutting down
2022/11/16 18:12:12 [notice] 29#29: gracefully shutting down
2022/11/16 18:12:12 [notice] 31#31: gracefully shutting down
2022/11/16 18:12:12 [notice] 20#20: exiting
2022/11/16 18:12:12 [notice] 27#27: exiting
2022/11/16 18:12:12 [notice] 22#22: exiting
2022/11/16 18:12:12 [notice] 21#21: exiting
2022/11/16 18:12:12 [notice] 24#24: exit
2022/11/16 18:12:12 [notice] 23#23: exiting
2022/11/16 18:12:12 [notice] 25#25: exiting
2022/11/16 18:12:12 [notice] 26#26: exiting
2022/11/16 18:12:12 [notice] 28#28: exiting
2022/11/16 18:12:12 [notice] 30#30: exiting
2022/11/16 18:12:12 [notice] 29#29: exiting
2022/11/16 18:12:12 [notice] 31#31: exiting
2022/11/16 18:12:12 [notice] 20#20: exit
2022/11/16 18:12:12 [notice] 27#27: exit
2022/11/16 18:12:12 [notice] 22#22: exit
2022/11/16 18:12:12 [notice] 21#21: exit
2022/11/16 18:12:12 [notice] 23#23: exit
2022/11/16 18:12:12 [notice] 25#25: exit
2022/11/16 18:12:12 [notice] 26#26: exit
2022/11/16 18:12:12 [notice] 28#28: exit
2022/11/16 18:12:12 [notice] 30#30: exit
2022/11/16 18:12:12 [notice] 29#29: exit
2022/11/16 18:12:12 [notice] 31#31: exit
2022/11/16 18:12:12 [notice] 1#1: signal 17 (SIGCHLD) received from 27
2022/11/16 18:12:12 [notice] 1#1: worker process 27 exited with code 0
2022/11/16 18:12:12 [notice] 1#1: signal 29 (SIGIO) received
2022/11/16 18:12:12 [notice] 1#1: signal 17 (SIGCHLD) received from 24
2022/11/16 18:12:12 [notice] 1#1: worker process 20 exited with code 0
2022/11/16 18:12:12 [notice] 1#1: worker process 21 exited with code 0
2022/11/16 18:12:12 [notice] 1#1: worker process 23 exited with code 0
2022/11/16 18:12:12 [notice] 1#1: worker process 24 exited with code 0
2022/11/16 18:12:12 [notice] 1#1: worker process 28 exited with code 0
2022/11/16 18:12:12 [notice] 1#1: worker process 29 exited with code 0
2022/11/16 18:12:12 [notice] 1#1: worker process 30 exited with code 0
2022/11/16 18:12:12 [notice] 1#1: signal 29 (SIGIO) received
2022/11/16 18:12:12 [notice] 1#1: signal 17 (SIGCHLD) received from 21
2022/11/16 18:12:12 [notice] 1#1: signal 17 (SIGCHLD) received from 26
2022/11/16 18:12:12 [notice] 1#1: worker process 26 exited with code 0
2022/11/16 18:12:12 [notice] 1#1: worker process 31 exited with code 0
2022/11/16 18:12:12 [notice] 1#1: signal 29 (SIGIO) received
2022/11/16 18:12:12 [notice] 1#1: signal 17 (SIGCHLD) received from 25
2022/11/16 18:12:12 [notice] 1#1: worker process 22 exited with code 0
2022/11/16 18:12:12 [notice] 1#1: worker process 25 exited with code 0
2022/11/16 18:12:12 [notice] 1#1: exit
2022/11/16 18:17:44 [notice] 1#1: using the "epoll" event method
2022/11/16 18:17:44 [notice] 1#1: nginx/1.23.2
2022/11/16 18:17:44 [notice] 1#1: built by gcc 10.2.1 20210110 (Debian 10.2.1-6) 
2022/11/16 18:17:44 [notice] 1#1: OS: Linux 5.10.102.1-microsoft-standard-WSL2
2022/11/16 18:17:44 [notice] 1#1: getrlimit(RLIMIT_NOFILE): 1048576:1048576
2022/11/16 18:17:44 [notice] 1#1: start worker processes
2022/11/16 18:17:44 [notice] 1#1: start worker process 20
2022/11/16 18:17:44 [notice] 1#1: start worker process 21
2022/11/16 18:17:44 [notice] 1#1: start worker process 22
2022/11/16 18:17:44 [notice] 1#1: start worker process 23
2022/11/16 18:17:44 [notice] 1#1: start worker process 24
2022/11/16 18:17:44 [notice] 1#1: start worker process 25
2022/11/16 18:17:44 [notice] 1#1: start worker process 26
2022/11/16 18:17:44 [notice] 1#1: start worker process 27
2022/11/16 18:17:44 [notice] 1#1: start worker process 28
2022/11/16 18:17:44 [notice] 1#1: start worker process 29
2022/11/16 18:17:44 [notice] 1#1: start worker process 30
2022/11/16 18:17:44 [notice] 1#1: start worker process 31
2022/11/16 18:39:11 [notice] 1#1: signal 3 (SIGQUIT) received, shutting down
2022/11/16 18:39:11 [notice] 20#20: gracefully shutting down
2022/11/16 18:39:11 [notice] 29#29: gracefully shutting down
2022/11/16 18:39:11 [notice] 21#21: gracefully shutting down
2022/11/16 18:39:11 [notice] 22#22: gracefully shutting down
2022/11/16 18:39:11 [notice] 23#23: gracefully shutting down
2022/11/16 18:39:11 [notice] 22#22: exiting
2022/11/16 18:39:11 [notice] 24#24: gracefully shutting down
2022/11/16 18:39:11 [notice] 22#22: exit
2022/11/16 18:39:11 [notice] 28#28: gracefully shutting down
2022/11/16 18:39:11 [notice] 25#25: gracefully shutting down
2022/11/16 18:39:11 [notice] 30#30: gracefully shutting down
2022/11/16 18:39:11 [notice] 27#27: gracefully shutting down
2022/11/16 18:39:11 [notice] 26#26: gracefully shutting down
2022/11/16 18:39:11 [notice] 31#31: gracefully shutting down
2022/11/16 18:39:11 [notice] 20#20: exiting
2022/11/16 18:39:11 [notice] 29#29: exiting
2022/11/16 18:39:11 [notice] 21#21: exiting
2022/11/16 18:39:11 [notice] 23#23: exiting
2022/11/16 18:39:11 [notice] 24#24: exiting
2022/11/16 18:39:11 [notice] 28#28: exiting
2022/11/16 18:39:11 [notice] 25#25: exiting
2022/11/16 18:39:11 [notice] 30#30: exiting
2022/11/16 18:39:11 [notice] 27#27: exiting
2022/11/16 18:39:11 [notice] 26#26: exiting
2022/11/16 18:39:11 [notice] 31#31: exiting
2022/11/16 18:39:11 [notice] 20#20: exit
2022/11/16 18:39:11 [notice] 29#29: exit
2022/11/16 18:39:11 [notice] 21#21: exit
2022/11/16 18:39:11 [notice] 23#23: exit
2022/11/16 18:39:11 [notice] 24#24: exit
2022/11/16 18:39:11 [notice] 28#28: exit
2022/11/16 18:39:11 [notice] 25#25: exit
2022/11/16 18:39:11 [notice] 30#30: exit
2022/11/16 18:39:11 [notice] 27#27: exit
2022/11/16 18:39:11 [notice] 26#26: exit
2022/11/16 18:39:11 [notice] 31#31: exit
2022/11/16 18:39:11 [notice] 1#1: signal 17 (SIGCHLD) received from 20
2022/11/16 18:39:11 [notice] 1#1: worker process 20 exited with code 0
2022/11/16 18:39:11 [notice] 1#1: worker process 21 exited with code 0
2022/11/16 18:39:11 [notice] 1#1: worker process 23 exited with code 0
2022/11/16 18:39:11 [notice] 1#1: worker process 24 exited with code 0
2022/11/16 18:39:11 [notice] 1#1: worker process 25 exited with code 0
2022/11/16 18:39:11 [notice] 1#1: worker process 27 exited with code 0
2022/11/16 18:39:11 [notice] 1#1: worker process 28 exited with code 0
2022/11/16 18:39:11 [notice] 1#1: worker process 29 exited with code 0
2022/11/16 18:39:11 [notice] 1#1: worker process 30 exited with code 0
2022/11/16 18:39:11 [notice] 1#1: worker process 31 exited with code 0
2022/11/16 18:39:11 [notice] 1#1: signal 29 (SIGIO) received
2022/11/16 18:39:11 [notice] 1#1: signal 17 (SIGCHLD) received from 28
2022/11/16 18:39:11 [notice] 1#1: signal 17 (SIGCHLD) received from 26
2022/11/16 18:39:11 [notice] 1#1: worker process 26 exited with code 0
2022/11/16 18:39:11 [notice] 1#1: signal 29 (SIGIO) received
2022/11/16 18:39:11 [notice] 1#1: signal 17 (SIGCHLD) received from 22
2022/11/16 18:39:11 [notice] 1#1: worker process 22 exited with code 0
2022/11/16 18:39:11 [notice] 1#1: exit
2022/11/16 18:39:56 [emerg] 1#1: host not found in upstream "wordpress" in /etc/nginx/conf.d/wordpress.conf:18
2022/11/16 18:40:07 [emerg] 1#1: host not found in upstream "wordpress" in /etc/nginx/conf.d/wordpress.conf:18
2022/11/16 18:40:18 [notice] 1#1: using the "epoll" event method
2022/11/16 18:40:18 [notice] 1#1: nginx/1.23.2
2022/11/16 18:40:18 [notice] 1#1: built by gcc 10.2.1 20210110 (Debian 10.2.1-6) 
2022/11/16 18:40:18 [notice] 1#1: OS: Linux 5.10.102.1-microsoft-standard-WSL2
2022/11/16 18:40:18 [notice] 1#1: getrlimit(RLIMIT_NOFILE): 1048576:1048576
2022/11/16 18:40:18 [notice] 1#1: start worker processes
2022/11/16 18:40:18 [notice] 1#1: start worker process 20
2022/11/16 18:40:18 [notice] 1#1: start worker process 21
2022/11/16 18:40:18 [notice] 1#1: start worker process 22
2022/11/16 18:40:18 [notice] 1#1: start worker process 23
2022/11/16 18:40:18 [notice] 1#1: start worker process 24
2022/11/16 18:40:18 [notice] 1#1: start worker process 25
2022/11/16 18:40:18 [notice] 1#1: start worker process 26
2022/11/16 18:40:18 [notice] 1#1: start worker process 27
2022/11/16 18:40:18 [notice] 1#1: start worker process 28
2022/11/16 18:40:18 [notice] 1#1: start worker process 29
2022/11/16 18:40:18 [notice] 1#1: start worker process 30
2022/11/16 18:40:18 [notice] 1#1: start worker process 31
2022/11/16 18:40:41 [notice] 1#1: signal 3 (SIGQUIT) received, shutting down
2022/11/16 18:40:41 [notice] 20#20: gracefully shutting down
2022/11/16 18:40:41 [notice] 29#29: gracefully shutting down
2022/11/16 18:40:41 [notice] 21#21: gracefully shutting down
2022/11/16 18:40:41 [notice] 23#23: gracefully shutting down
2022/11/16 18:40:41 [notice] 22#22: gracefully shutting down
2022/11/16 18:40:41 [notice] 24#24: gracefully shutting down
2022/11/16 18:40:41 [notice] 25#25: gracefully shutting down
2022/11/16 18:40:41 [notice] 26#26: gracefully shutting down
2022/11/16 18:40:41 [notice] 27#27: gracefully shutting down
2022/11/16 18:40:41 [notice] 28#28: gracefully shutting down
2022/11/16 18:40:41 [notice] 20#20: exiting
2022/11/16 18:40:41 [notice] 30#30: gracefully shutting down
2022/11/16 18:40:41 [notice] 31#31: gracefully shutting down
2022/11/16 18:40:41 [notice] 29#29: exiting
2022/11/16 18:40:41 [notice] 21#21: exiting
2022/11/16 18:40:41 [notice] 23#23: exiting
2022/11/16 18:40:41 [notice] 22#22: exiting
2022/11/16 18:40:41 [notice] 24#24: exiting
2022/11/16 18:40:41 [notice] 25#25: exiting
2022/11/16 18:40:41 [notice] 26#26: exiting
2022/11/16 18:40:41 [notice] 27#27: exiting
2022/11/16 18:40:41 [notice] 28#28: exiting
2022/11/16 18:40:41 [notice] 20#20: exit
2022/11/16 18:40:41 [notice] 30#30: exiting
2022/11/16 18:40:41 [notice] 31#31: exiting
2022/11/16 18:40:41 [notice] 29#29: exit
2022/11/16 18:40:41 [notice] 21#21: exit
2022/11/16 18:40:41 [notice] 23#23: exit
2022/11/16 18:40:41 [notice] 22#22: exit
2022/11/16 18:40:41 [notice] 24#24: exit
2022/11/16 18:40:41 [notice] 25#25: exit
2022/11/16 18:40:41 [notice] 26#26: exit
2022/11/16 18:40:41 [notice] 27#27: exit
2022/11/16 18:40:41 [notice] 28#28: exit
2022/11/16 18:40:41 [notice] 30#30: exit
2022/11/16 18:40:41 [notice] 31#31: exit
2022/11/16 18:40:41 [notice] 1#1: signal 17 (SIGCHLD) received from 23
2022/11/16 18:40:41 [notice] 1#1: worker process 20 exited with code 0
2022/11/16 18:40:41 [notice] 1#1: worker process 21 exited with code 0
2022/11/16 18:40:41 [notice] 1#1: worker process 22 exited with code 0
2022/11/16 18:40:41 [notice] 1#1: worker process 23 exited with code 0
2022/11/16 18:40:41 [notice] 1#1: worker process 24 exited with code 0
2022/11/16 18:40:41 [notice] 1#1: worker process 26 exited with code 0
2022/11/16 18:40:41 [notice] 1#1: worker process 27 exited with code 0
2022/11/16 18:40:41 [notice] 1#1: worker process 28 exited with code 0
2022/11/16 18:40:41 [notice] 1#1: worker process 30 exited with code 0
2022/11/16 18:40:41 [notice] 1#1: worker process 31 exited with code 0
2022/11/16 18:40:41 [notice] 1#1: signal 29 (SIGIO) received
2022/11/16 18:40:41 [notice] 1#1: signal 17 (SIGCHLD) received from 26
2022/11/16 18:40:41 [notice] 1#1: signal 17 (SIGCHLD) received from 25
2022/11/16 18:40:41 [notice] 1#1: worker process 25 exited with code 0
2022/11/16 18:40:41 [notice] 1#1: signal 29 (SIGIO) received
2022/11/16 18:40:41 [notice] 1#1: signal 17 (SIGCHLD) received from 29
2022/11/16 18:40:41 [notice] 1#1: worker process 29 exited with code 0
2022/11/16 18:40:41 [notice] 1#1: exit
2022/11/16 18:40:42 [emerg] 1#1: host not found in upstream "wordpress" in /etc/nginx/conf.d/wordpress.conf:18
2022/11/16 18:40:53 [notice] 1#1: using the "epoll" event method
2022/11/16 18:40:53 [notice] 1#1: nginx/1.23.2
2022/11/16 18:40:53 [notice] 1#1: built by gcc 10.2.1 20210110 (Debian 10.2.1-6) 
2022/11/16 18:40:53 [notice] 1#1: OS: Linux 5.10.102.1-microsoft-standard-WSL2
2022/11/16 18:40:53 [notice] 1#1: getrlimit(RLIMIT_NOFILE): 1048576:1048576
2022/11/16 18:40:53 [notice] 1#1: start worker processes
2022/11/16 18:40:53 [notice] 1#1: start worker process 20
2022/11/16 18:40:53 [notice] 1#1: start worker process 21
2022/11/16 18:40:53 [notice] 1#1: start worker process 22
2022/11/16 18:40:53 [notice] 1#1: start worker process 23
2022/11/16 18:40:53 [notice] 1#1: start worker process 24
2022/11/16 18:40:53 [notice] 1#1: start worker process 25
2022/11/16 18:40:53 [notice] 1#1: start worker process 26
2022/11/16 18:40:53 [notice] 1#1: start worker process 27
2022/11/16 18:40:53 [notice] 1#1: start worker process 28
2022/11/16 18:40:53 [notice] 1#1: start worker process 29
2022/11/16 18:40:53 [notice] 1#1: start worker process 30
2022/11/16 18:40:53 [notice] 1#1: start worker process 31
2022/11/16 18:40:53 [notice] 1#1: signal 3 (SIGQUIT) received, shutting down
2022/11/16 18:40:53 [notice] 20#20: gracefully shutting down
2022/11/16 18:40:53 [notice] 21#21: gracefully shutting down
2022/11/16 18:40:53 [notice] 22#22: gracefully shutting down
2022/11/16 18:40:53 [notice] 23#23: gracefully shutting down
2022/11/16 18:40:53 [notice] 24#24: gracefully shutting down
2022/11/16 18:40:53 [notice] 25#25: gracefully shutting down
2022/11/16 18:40:53 [notice] 26#26: gracefully shutting down
2022/11/16 18:40:53 [notice] 26#26: exiting
2022/11/16 18:40:53 [notice] 27#27: gracefully shutting down
2022/11/16 18:40:53 [notice] 28#28: gracefully shutting down
2022/11/16 18:40:53 [notice] 29#29: gracefully shutting down
2022/11/16 18:40:53 [notice] 30#30: gracefully shutting down
2022/11/16 18:40:53 [notice] 31#31: gracefully shutting down
2022/11/16 18:40:53 [notice] 20#20: exiting
2022/11/16 18:40:53 [notice] 21#21: exiting
2022/11/16 18:40:53 [notice] 22#22: exiting
2022/11/16 18:40:53 [notice] 23#23: exiting
2022/11/16 18:40:53 [notice] 24#24: exiting
2022/11/16 18:40:53 [notice] 25#25: exiting
2022/11/16 18:40:53 [notice] 26#26: exit
2022/11/16 18:40:53 [notice] 27#27: exiting
2022/11/16 18:40:53 [notice] 28#28: exiting
2022/11/16 18:40:53 [notice] 29#29: exiting
2022/11/16 18:40:53 [notice] 29#29: exit
2022/11/16 18:40:53 [notice] 30#30: exiting
2022/11/16 18:40:53 [notice] 31#31: exiting
2022/11/16 18:40:53 [notice] 20#20: exit
2022/11/16 18:40:53 [notice] 21#21: exit
2022/11/16 18:40:53 [notice] 22#22: exit
2022/11/16 18:40:53 [notice] 23#23: exit
2022/11/16 18:40:53 [notice] 24#24: exit
2022/11/16 18:40:53 [notice] 25#25: exit
2022/11/16 18:40:53 [notice] 27#27: exit
2022/11/16 18:40:53 [notice] 28#28: exit
2022/11/16 18:40:53 [notice] 30#30: exit
2022/11/16 18:40:53 [notice] 31#31: exit
2022/11/16 18:40:53 [notice] 1#1: signal 17 (SIGCHLD) received from 31
2022/11/16 18:40:53 [notice] 1#1: worker process 31 exited with code 0
2022/11/16 18:40:53 [notice] 1#1: signal 29 (SIGIO) received
2022/11/16 18:40:53 [notice] 1#1: signal 17 (SIGCHLD) received from 25
2022/11/16 18:40:53 [notice] 1#1: worker process 21 exited with code 0
2022/11/16 18:40:53 [notice] 1#1: worker process 25 exited with code 0
2022/11/16 18:40:53 [notice] 1#1: worker process 29 exited with code 0
2022/11/16 18:40:53 [notice] 1#1: signal 29 (SIGIO) received
2022/11/16 18:40:53 [notice] 1#1: signal 17 (SIGCHLD) received from 24
2022/11/16 18:40:53 [notice] 1#1: worker process 23 exited with code 0
2022/11/16 18:40:53 [notice] 1#1: worker process 24 exited with code 0
2022/11/16 18:40:53 [notice] 1#1: worker process 26 exited with code 0
2022/11/16 18:40:53 [notice] 1#1: worker process 28 exited with code 0
2022/11/16 18:40:53 [notice] 1#1: worker process 30 exited with code 0
2022/11/16 18:40:53 [notice] 1#1: signal 29 (SIGIO) received
2022/11/16 18:40:53 [notice] 1#1: signal 17 (SIGCHLD) received from 30
2022/11/16 18:40:53 [notice] 1#1: signal 17 (SIGCHLD) received from 20
2022/11/16 18:40:53 [notice] 1#1: worker process 20 exited with code 0
2022/11/16 18:40:53 [notice] 1#1: worker process 27 exited with code 0
2022/11/16 18:40:53 [notice] 1#1: signal 29 (SIGIO) received
2022/11/16 18:40:53 [notice] 1#1: signal 17 (SIGCHLD) received from 22
2022/11/16 18:40:53 [notice] 1#1: worker process 22 exited with code 0
2022/11/16 18:40:53 [notice] 1#1: exit
2022/11/16 18:40:54 [notice] 1#1: using the "epoll" event method
2022/11/16 18:40:54 [notice] 1#1: nginx/1.23.2
2022/11/16 18:40:54 [notice] 1#1: built by gcc 10.2.1 20210110 (Debian 10.2.1-6) 
2022/11/16 18:40:54 [notice] 1#1: OS: Linux 5.10.102.1-microsoft-standard-WSL2
2022/11/16 18:40:54 [notice] 1#1: getrlimit(RLIMIT_NOFILE): 1048576:1048576
2022/11/16 18:40:54 [notice] 1#1: start worker processes
2022/11/16 18:40:54 [notice] 1#1: start worker process 20
2022/11/16 18:40:54 [notice] 1#1: start worker process 21
2022/11/16 18:40:54 [notice] 1#1: start worker process 22
2022/11/16 18:40:54 [notice] 1#1: start worker process 23
2022/11/16 18:40:54 [notice] 1#1: start worker process 24
2022/11/16 18:40:54 [notice] 1#1: start worker process 25
2022/11/16 18:40:54 [notice] 1#1: start worker process 26
2022/11/16 18:40:54 [notice] 1#1: start worker process 27
2022/11/16 18:40:54 [notice] 1#1: start worker process 28
2022/11/16 18:40:54 [notice] 1#1: start worker process 29
2022/11/16 18:40:54 [notice] 1#1: start worker process 30
2022/11/16 18:40:54 [notice] 1#1: start worker process 31
2022/11/16 18:43:47 [notice] 1#1: signal 3 (SIGQUIT) received, shutting down
2022/11/16 18:43:47 [notice] 20#20: gracefully shutting down
2022/11/16 18:43:47 [notice] 22#22: gracefully shutting down
2022/11/16 18:43:47 [notice] 23#23: gracefully shutting down
2022/11/16 18:43:47 [notice] 24#24: gracefully shutting down
2022/11/16 18:43:47 [notice] 26#26: gracefully shutting down
2022/11/16 18:43:47 [notice] 25#25: gracefully shutting down
2022/11/16 18:43:47 [notice] 21#21: gracefully shutting down
2022/11/16 18:43:47 [notice] 29#29: gracefully shutting down
2022/11/16 18:43:47 [notice] 28#28: gracefully shutting down
2022/11/16 18:43:47 [notice] 27#27: gracefully shutting down
2022/11/16 18:43:47 [notice] 30#30: gracefully shutting down
2022/11/16 18:43:47 [notice] 31#31: gracefully shutting down
2022/11/16 18:43:47 [notice] 20#20: exiting
2022/11/16 18:43:47 [notice] 22#22: exiting
2022/11/16 18:43:47 [notice] 23#23: exiting
2022/11/16 18:43:47 [notice] 24#24: exiting
2022/11/16 18:43:47 [notice] 26#26: exiting
2022/11/16 18:43:47 [notice] 25#25: exiting
2022/11/16 18:43:47 [notice] 21#21: exiting
2022/11/16 18:43:47 [notice] 29#29: exiting
2022/11/16 18:43:47 [notice] 28#28: exiting
2022/11/16 18:43:47 [notice] 27#27: exiting
2022/11/16 18:43:47 [notice] 30#30: exiting
2022/11/16 18:43:47 [notice] 31#31: exiting
2022/11/16 18:43:47 [notice] 30#30: exit
2022/11/16 18:43:47 [notice] 20#20: exit
2022/11/16 18:43:47 [notice] 22#22: exit
2022/11/16 18:43:47 [notice] 23#23: exit
2022/11/16 18:43:47 [notice] 24#24: exit
2022/11/16 18:43:47 [notice] 26#26: exit
2022/11/16 18:43:47 [notice] 25#25: exit
2022/11/16 18:43:47 [notice] 21#21: exit
2022/11/16 18:43:47 [notice] 29#29: exit
2022/11/16 18:43:47 [notice] 28#28: exit
2022/11/16 18:43:47 [notice] 27#27: exit
2022/11/16 18:43:47 [notice] 31#31: exit
2022/11/16 18:43:47 [notice] 1#1: signal 17 (SIGCHLD) received from 30
2022/11/16 18:43:47 [notice] 1#1: worker process 26 exited with code 0
2022/11/16 18:43:47 [notice] 1#1: worker process 28 exited with code 0
2022/11/16 18:43:47 [notice] 1#1: worker process 30 exited with code 0
2022/11/16 18:43:47 [notice] 1#1: worker process 31 exited with code 0
2022/11/16 18:43:47 [notice] 1#1: signal 29 (SIGIO) received
2022/11/16 18:43:47 [notice] 1#1: signal 17 (SIGCHLD) received from 23
2022/11/16 18:43:47 [notice] 1#1: worker process 20 exited with code 0
2022/11/16 18:43:47 [notice] 1#1: worker process 21 exited with code 0
2022/11/16 18:43:47 [notice] 1#1: worker process 23 exited with code 0
2022/11/16 18:43:47 [notice] 1#1: worker process 24 exited with code 0
2022/11/16 18:43:47 [notice] 1#1: signal 29 (SIGIO) received
2022/11/16 18:43:47 [notice] 1#1: signal 17 (SIGCHLD) received from 21
2022/11/16 18:43:47 [notice] 1#1: signal 17 (SIGCHLD) received from 22
2022/11/16 18:43:47 [notice] 1#1: worker process 22 exited with code 0
2022/11/16 18:43:47 [notice] 1#1: worker process 25 exited with code 0
2022/11/16 18:43:47 [notice] 1#1: worker process 27 exited with code 0
2022/11/16 18:43:47 [notice] 1#1: worker process 29 exited with code 0
2022/11/16 18:43:47 [notice] 1#1: exit
2022/11/16 18:44:01 [notice] 1#1: using the "epoll" event method
2022/11/16 18:44:01 [notice] 1#1: nginx/1.23.2
2022/11/16 18:44:01 [notice] 1#1: built by gcc 10.2.1 20210110 (Debian 10.2.1-6) 
2022/11/16 18:44:01 [notice] 1#1: OS: Linux 5.10.102.1-microsoft-standard-WSL2
2022/11/16 18:44:01 [notice] 1#1: getrlimit(RLIMIT_NOFILE): 1048576:1048576
2022/11/16 18:44:01 [notice] 1#1: start worker processes
2022/11/16 18:44:01 [notice] 1#1: start worker process 20
2022/11/16 18:44:01 [notice] 1#1: start worker process 21
2022/11/16 18:44:01 [notice] 1#1: start worker process 22
2022/11/16 18:44:01 [notice] 1#1: start worker process 23
2022/11/16 18:44:01 [notice] 1#1: start worker process 24
2022/11/16 18:44:01 [notice] 1#1: start worker process 25
2022/11/16 18:44:01 [notice] 1#1: start worker process 26
2022/11/16 18:44:01 [notice] 1#1: start worker process 27
2022/11/16 18:44:01 [notice] 1#1: start worker process 28
2022/11/16 18:44:01 [notice] 1#1: start worker process 29
2022/11/16 18:44:01 [notice] 1#1: start worker process 30
2022/11/16 18:44:01 [notice] 1#1: start worker process 31
2022/11/16 18:45:39 [notice] 1#1: signal 3 (SIGQUIT) received, shutting down
2022/11/16 18:45:39 [notice] 20#20: gracefully shutting down
2022/11/16 18:45:39 [notice] 21#21: gracefully shutting down
2022/11/16 18:45:39 [notice] 22#22: gracefully shutting down
2022/11/16 18:45:39 [notice] 23#23: gracefully shutting down
2022/11/16 18:45:39 [notice] 24#24: gracefully shutting down
2022/11/16 18:45:39 [notice] 25#25: gracefully shutting down
2022/11/16 18:45:39 [notice] 26#26: gracefully shutting down
2022/11/16 18:45:39 [notice] 27#27: gracefully shutting down
2022/11/16 18:45:39 [notice] 28#28: gracefully shutting down
2022/11/16 18:45:39 [notice] 29#29: gracefully shutting down
2022/11/16 18:45:39 [notice] 30#30: gracefully shutting down
2022/11/16 18:45:39 [notice] 31#31: gracefully shutting down
2022/11/16 18:45:39 [notice] 20#20: exiting
2022/11/16 18:45:39 [notice] 21#21: exiting
2022/11/16 18:45:39 [notice] 22#22: exiting
2022/11/16 18:45:39 [notice] 23#23: exiting
2022/11/16 18:45:39 [notice] 24#24: exiting
2022/11/16 18:45:39 [notice] 25#25: exiting
2022/11/16 18:45:39 [notice] 26#26: exiting
2022/11/16 18:45:39 [notice] 27#27: exiting
2022/11/16 18:45:39 [notice] 28#28: exiting
2022/11/16 18:45:39 [notice] 29#29: exiting
2022/11/16 18:45:39 [notice] 30#30: exiting
2022/11/16 18:45:39 [notice] 31#31: exiting
2022/11/16 18:45:39 [notice] 20#20: exit
2022/11/16 18:45:39 [notice] 21#21: exit
2022/11/16 18:45:39 [notice] 22#22: exit
2022/11/16 18:45:39 [notice] 23#23: exit
2022/11/16 18:45:39 [notice] 24#24: exit
2022/11/16 18:45:39 [notice] 25#25: exit
2022/11/16 18:45:39 [notice] 26#26: exit
2022/11/16 18:45:39 [notice] 27#27: exit
2022/11/16 18:45:39 [notice] 28#28: exit
2022/11/16 18:45:39 [notice] 29#29: exit
2022/11/16 18:45:39 [notice] 30#30: exit
2022/11/16 18:45:39 [notice] 31#31: exit
2022/11/16 18:45:39 [notice] 1#1: signal 17 (SIGCHLD) received from 21
2022/11/16 18:45:39 [notice] 1#1: worker process 21 exited with code 0
2022/11/16 18:45:39 [notice] 1#1: worker process 28 exited with code 0
2022/11/16 18:45:39 [notice] 1#1: signal 29 (SIGIO) received
2022/11/16 18:45:39 [notice] 1#1: signal 17 (SIGCHLD) received from 25
2022/11/16 18:45:39 [notice] 1#1: worker process 20 exited with code 0
2022/11/16 18:45:39 [notice] 1#1: worker process 22 exited with code 0
2022/11/16 18:45:39 [notice] 1#1: worker process 23 exited with code 0
2022/11/16 18:45:39 [notice] 1#1: worker process 24 exited with code 0
2022/11/16 18:45:39 [notice] 1#1: worker process 25 exited with code 0
2022/11/16 18:45:39 [notice] 1#1: worker process 29 exited with code 0
2022/11/16 18:45:39 [notice] 1#1: signal 29 (SIGIO) received
2022/11/16 18:45:39 [notice] 1#1: signal 17 (SIGCHLD) received from 20
2022/11/16 18:45:39 [notice] 1#1: signal 17 (SIGCHLD) received from 31
2022/11/16 18:45:39 [notice] 1#1: worker process 26 exited with code 0
2022/11/16 18:45:39 [notice] 1#1: worker process 30 exited with code 0
2022/11/16 18:45:39 [notice] 1#1: worker process 31 exited with code 0
2022/11/16 18:45:39 [notice] 1#1: signal 29 (SIGIO) received
2022/11/16 18:45:39 [notice] 1#1: signal 17 (SIGCHLD) received from 27
2022/11/16 18:45:39 [notice] 1#1: worker process 27 exited with code 0
2022/11/16 18:45:39 [notice] 1#1: exit
2022/11/16 18:46:24 [notice] 1#1: using the "epoll" event method
2022/11/16 18:46:24 [notice] 1#1: nginx/1.23.2
2022/11/16 18:46:24 [notice] 1#1: built by gcc 10.2.1 20210110 (Debian 10.2.1-6) 
2022/11/16 18:46:24 [notice] 1#1: OS: Linux 5.10.102.1-microsoft-standard-WSL2
2022/11/16 18:46:24 [notice] 1#1: getrlimit(RLIMIT_NOFILE): 1048576:1048576
2022/11/16 18:46:24 [notice] 1#1: start worker processes
2022/11/16 18:46:24 [notice] 1#1: start worker process 20
2022/11/16 18:46:24 [notice] 1#1: start worker process 21
2022/11/16 18:46:24 [notice] 1#1: start worker process 22
2022/11/16 18:46:24 [notice] 1#1: start worker process 23
2022/11/16 18:46:24 [notice] 1#1: start worker process 24
2022/11/16 18:46:24 [notice] 1#1: start worker process 25
2022/11/16 18:46:24 [notice] 1#1: start worker process 26
2022/11/16 18:46:24 [notice] 1#1: start worker process 27
2022/11/16 18:46:24 [notice] 1#1: start worker process 28
2022/11/16 18:46:24 [notice] 1#1: start worker process 29
2022/11/16 18:46:24 [notice] 1#1: start worker process 30
2022/11/16 18:46:24 [notice] 1#1: start worker process 31
2022/11/16 18:50:16 [notice] 1#1: signal 3 (SIGQUIT) received, shutting down
2022/11/16 18:50:16 [notice] 20#20: gracefully shutting down
2022/11/16 18:50:16 [notice] 25#25: gracefully shutting down
2022/11/16 18:50:16 [notice] 28#28: gracefully shutting down
2022/11/16 18:50:16 [notice] 29#29: gracefully shutting down
2022/11/16 18:50:16 [notice] 29#29: exiting
2022/11/16 18:50:16 [notice] 24#24: gracefully shutting down
2022/11/16 18:50:16 [notice] 30#30: gracefully shutting down
2022/11/16 18:50:16 [notice] 27#27: gracefully shutting down
2022/11/16 18:50:16 [notice] 31#31: gracefully shutting down
2022/11/16 18:50:16 [notice] 23#23: gracefully shutting down
2022/11/16 18:50:16 [notice] 26#26: gracefully shutting down
2022/11/16 18:50:16 [notice] 22#22: gracefully shutting down
2022/11/16 18:50:16 [notice] 20#20: exiting
2022/11/16 18:50:16 [notice] 25#25: exiting
2022/11/16 18:50:16 [notice] 28#28: exiting
2022/11/16 18:50:16 [notice] 21#21: gracefully shutting down
2022/11/16 18:50:16 [notice] 29#29: exit
2022/11/16 18:50:16 [notice] 24#24: exiting
2022/11/16 18:50:16 [notice] 30#30: exiting
2022/11/16 18:50:16 [notice] 30#30: exit
2022/11/16 18:50:16 [notice] 27#27: exiting
2022/11/16 18:50:16 [notice] 31#31: exiting
2022/11/16 18:50:16 [notice] 23#23: exiting
2022/11/16 18:50:16 [notice] 26#26: exiting
2022/11/16 18:50:16 [notice] 22#22: exiting
2022/11/16 18:50:16 [notice] 20#20: exit
2022/11/16 18:50:16 [notice] 25#25: exit
2022/11/16 18:50:16 [notice] 28#28: exit
2022/11/16 18:50:16 [notice] 21#21: exiting
2022/11/16 18:50:16 [notice] 24#24: exit
2022/11/16 18:50:16 [notice] 27#27: exit
2022/11/16 18:50:16 [notice] 31#31: exit
2022/11/16 18:50:16 [notice] 23#23: exit
2022/11/16 18:50:16 [notice] 26#26: exit
2022/11/16 18:50:16 [notice] 22#22: exit
2022/11/16 18:50:16 [notice] 21#21: exit
2022/11/16 18:50:16 [notice] 1#1: signal 17 (SIGCHLD) received from 24
2022/11/16 18:50:16 [notice] 1#1: worker process 20 exited with code 0
2022/11/16 18:50:16 [notice] 1#1: worker process 22 exited with code 0
2022/11/16 18:50:16 [notice] 1#1: worker process 23 exited with code 0
2022/11/16 18:50:16 [notice] 1#1: worker process 24 exited with code 0
2022/11/16 18:50:16 [notice] 1#1: worker process 25 exited with code 0
2022/11/16 18:50:16 [notice] 1#1: worker process 29 exited with code 0
2022/11/16 18:50:16 [notice] 1#1: worker process 30 exited with code 0
2022/11/16 18:50:16 [notice] 1#1: worker process 31 exited with code 0
2022/11/16 18:50:16 [notice] 1#1: signal 29 (SIGIO) received
2022/11/16 18:50:16 [notice] 1#1: signal 17 (SIGCHLD) received from 31
2022/11/16 18:50:16 [notice] 1#1: signal 17 (SIGCHLD) received from 26
2022/11/16 18:50:16 [notice] 1#1: worker process 21 exited with code 0
2022/11/16 18:50:16 [notice] 1#1: worker process 26 exited with code 0
2022/11/16 18:50:16 [notice] 1#1: worker process 27 exited with code 0
2022/11/16 18:50:16 [notice] 1#1: worker process 28 exited with code 0
2022/11/16 18:50:16 [notice] 1#1: exit
2022/11/16 18:50:28 [notice] 1#1: using the "epoll" event method
2022/11/16 18:50:28 [notice] 1#1: nginx/1.23.2
2022/11/16 18:50:28 [notice] 1#1: built by gcc 10.2.1 20210110 (Debian 10.2.1-6) 
2022/11/16 18:50:28 [notice] 1#1: OS: Linux 5.10.102.1-microsoft-standard-WSL2
2022/11/16 18:50:28 [notice] 1#1: getrlimit(RLIMIT_NOFILE): 1048576:1048576
2022/11/16 18:50:28 [notice] 1#1: start worker processes
2022/11/16 18:50:28 [notice] 1#1: start worker process 20
2022/11/16 18:50:28 [notice] 1#1: start worker process 21
2022/11/16 18:50:28 [notice] 1#1: start worker process 22
2022/11/16 18:50:28 [notice] 1#1: start worker process 23
2022/11/16 18:50:28 [notice] 1#1: start worker process 24
2022/11/16 18:50:28 [notice] 1#1: start worker process 25
2022/11/16 18:50:28 [notice] 1#1: start worker process 26
2022/11/16 18:50:28 [notice] 1#1: start worker process 27
2022/11/16 18:50:28 [notice] 1#1: start worker process 28
2022/11/16 18:50:28 [notice] 1#1: start worker process 29
2022/11/16 18:50:28 [notice] 1#1: start worker process 30
2022/11/16 18:50:28 [notice] 1#1: start worker process 31
2022/11/16 18:52:22 [notice] 1#1: signal 3 (SIGQUIT) received, shutting down
2022/11/16 18:52:22 [notice] 20#20: gracefully shutting down
2022/11/16 18:52:22 [notice] 25#25: gracefully shutting down
2022/11/16 18:52:22 [notice] 21#21: gracefully shutting down
2022/11/16 18:52:22 [notice] 27#27: gracefully shutting down
2022/11/16 18:52:22 [notice] 22#22: gracefully shutting down
2022/11/16 18:52:22 [notice] 24#24: gracefully shutting down
2022/11/16 18:52:22 [notice] 30#30: gracefully shutting down
2022/11/16 18:52:22 [notice] 23#23: gracefully shutting down
2022/11/16 18:52:22 [notice] 29#29: gracefully shutting down
2022/11/16 18:52:22 [notice] 26#26: gracefully shutting down
2022/11/16 18:52:22 [notice] 23#23: exiting
2022/11/16 18:52:22 [notice] 31#31: gracefully shutting down
2022/11/16 18:52:22 [notice] 20#20: exiting
2022/11/16 18:52:22 [notice] 28#28: gracefully shutting down
2022/11/16 18:52:22 [notice] 31#31: exiting
2022/11/16 18:52:22 [notice] 25#25: exiting
2022/11/16 18:52:22 [notice] 21#21: exiting
2022/11/16 18:52:22 [notice] 27#27: exiting
2022/11/16 18:52:22 [notice] 30#30: exiting
2022/11/16 18:52:22 [notice] 24#24: exiting
2022/11/16 18:52:22 [notice] 22#22: exiting
2022/11/16 18:52:22 [notice] 29#29: exiting
2022/11/16 18:52:22 [notice] 26#26: exiting
2022/11/16 18:52:22 [notice] 23#23: exit
2022/11/16 18:52:22 [notice] 20#20: exit
2022/11/16 18:52:22 [notice] 28#28: exiting
2022/11/16 18:52:22 [notice] 31#31: exit
2022/11/16 18:52:22 [notice] 25#25: exit
2022/11/16 18:52:22 [notice] 21#21: exit
2022/11/16 18:52:22 [notice] 27#27: exit
2022/11/16 18:52:22 [notice] 30#30: exit
2022/11/16 18:52:22 [notice] 24#24: exit
2022/11/16 18:52:22 [notice] 22#22: exit
2022/11/16 18:52:22 [notice] 29#29: exit
2022/11/16 18:52:22 [notice] 26#26: exit
2022/11/16 18:52:22 [notice] 28#28: exit
2022/11/16 18:52:22 [notice] 1#1: signal 17 (SIGCHLD) received from 27
2022/11/16 18:52:22 [notice] 1#1: worker process 27 exited with code 0
2022/11/16 18:52:22 [notice] 1#1: signal 29 (SIGIO) received
2022/11/16 18:52:22 [notice] 1#1: signal 17 (SIGCHLD) received from 23
2022/11/16 18:52:22 [notice] 1#1: worker process 23 exited with code 0
2022/11/16 18:52:22 [notice] 1#1: signal 29 (SIGIO) received
2022/11/16 18:52:22 [notice] 1#1: signal 17 (SIGCHLD) received from 25
2022/11/16 18:52:22 [notice] 1#1: worker process 25 exited with code 0
2022/11/16 18:52:22 [notice] 1#1: worker process 30 exited with code 0
2022/11/16 18:52:22 [notice] 1#1: signal 29 (SIGIO) received
2022/11/16 18:52:22 [notice] 1#1: signal 17 (SIGCHLD) received from 20
2022/11/16 18:52:22 [notice] 1#1: worker process 20 exited with code 0
2022/11/16 18:52:22 [notice] 1#1: worker process 22 exited with code 0
2022/11/16 18:52:22 [notice] 1#1: worker process 24 exited with code 0
2022/11/16 18:52:22 [notice] 1#1: worker process 26 exited with code 0
2022/11/16 18:52:22 [notice] 1#1: worker process 31 exited with code 0
2022/11/16 18:52:22 [notice] 1#1: signal 29 (SIGIO) received
2022/11/16 18:52:22 [notice] 1#1: signal 17 (SIGCHLD) received from 22
2022/11/16 18:52:22 [notice] 1#1: signal 17 (SIGCHLD) received from 29
2022/11/16 18:52:22 [notice] 1#1: worker process 21 exited with code 0
2022/11/16 18:52:22 [notice] 1#1: worker process 28 exited with code 0
2022/11/16 18:52:22 [notice] 1#1: worker process 29 exited with code 0
2022/11/16 18:52:22 [notice] 1#1: exit
2022/11/16 18:53:34 [emerg] 1#1: "proxy_cache" zone "STATIC" is unknown in /etc/nginx/nginx.conf:32
2022/11/16 18:53:36 [emerg] 1#1: "proxy_cache" zone "STATIC" is unknown in /etc/nginx/nginx.conf:32
2022/11/16 18:53:37 [emerg] 1#1: "proxy_cache" zone "STATIC" is unknown in /etc/nginx/nginx.conf:32
2022/11/16 18:53:38 [emerg] 1#1: "proxy_cache" zone "STATIC" is unknown in /etc/nginx/nginx.conf:32
2022/11/16 18:53:39 [emerg] 1#1: "proxy_cache" zone "STATIC" is unknown in /etc/nginx/nginx.conf:32
2022/11/16 18:53:41 [emerg] 1#1: "proxy_cache" zone "STATIC" is unknown in /etc/nginx/nginx.conf:32
2022/11/16 18:53:45 [emerg] 1#1: "proxy_cache" zone "STATIC" is unknown in /etc/nginx/nginx.conf:32
2022/11/16 18:53:52 [emerg] 1#1: "proxy_cache" zone "STATIC" is unknown in /etc/nginx/nginx.conf:32
2022/11/16 18:54:06 [emerg] 1#1: "proxy_cache" zone "STATIC" is unknown in /etc/nginx/nginx.conf:32
2022/11/16 18:54:32 [emerg] 1#1: "proxy_cache" zone "STATIC" is unknown in /etc/nginx/nginx.conf:32
2022/11/16 18:54:36 [emerg] 1#1: "proxy_cache" zone "STATIC" is unknown in /etc/nginx/nginx.conf:32
2022/11/16 18:54:37 [emerg] 1#1: "proxy_cache" zone "STATIC" is unknown in /etc/nginx/nginx.conf:32
2022/11/16 18:54:38 [emerg] 1#1: "proxy_cache" zone "STATIC" is unknown in /etc/nginx/nginx.conf:32
2022/11/16 18:54:39 [emerg] 1#1: "proxy_cache" zone "STATIC" is unknown in /etc/nginx/nginx.conf:32
2022/11/16 18:54:41 [emerg] 1#1: "proxy_cache" zone "STATIC" is unknown in /etc/nginx/nginx.conf:32
2022/11/16 18:54:43 [emerg] 1#1: "proxy_cache" zone "STATIC" is unknown in /etc/nginx/nginx.conf:32
2022/11/16 18:54:46 [emerg] 1#1: "proxy_cache" zone "STATIC" is unknown in /etc/nginx/nginx.conf:32
2022/11/16 18:54:53 [emerg] 1#1: "proxy_cache" zone "STATIC" is unknown in /etc/nginx/nginx.conf:32
2022/11/16 18:55:07 [emerg] 1#1: "proxy_cache" zone "STATIC" is unknown in /etc/nginx/nginx.conf:32
2022/11/16 18:55:16 [notice] 1#1: using the "epoll" event method
2022/11/16 18:55:16 [notice] 1#1: nginx/1.23.2
2022/11/16 18:55:16 [notice] 1#1: built by gcc 10.2.1 20210110 (Debian 10.2.1-6) 
2022/11/16 18:55:16 [notice] 1#1: OS: Linux 5.10.102.1-microsoft-standard-WSL2
2022/11/16 18:55:16 [notice] 1#1: getrlimit(RLIMIT_NOFILE): 1048576:1048576
2022/11/16 18:55:16 [notice] 1#1: start worker processes
2022/11/16 18:55:16 [notice] 1#1: start worker process 20
2022/11/16 18:55:16 [notice] 1#1: start worker process 21
2022/11/16 18:55:16 [notice] 1#1: start worker process 22
2022/11/16 18:55:16 [notice] 1#1: start worker process 23
2022/11/16 18:55:16 [notice] 1#1: start worker process 24
2022/11/16 18:55:16 [notice] 1#1: start worker process 25
2022/11/16 18:55:16 [notice] 1#1: start worker process 26
2022/11/16 18:55:16 [notice] 1#1: start worker process 27
2022/11/16 18:55:16 [notice] 1#1: start worker process 28
2022/11/16 18:55:16 [notice] 1#1: start worker process 29
2022/11/16 18:55:16 [notice] 1#1: start worker process 30
2022/11/16 18:55:16 [notice] 1#1: start worker process 31
2022/11/16 18:56:51 [notice] 1#1: using the "epoll" event method
2022/11/16 18:56:51 [notice] 1#1: nginx/1.23.2
2022/11/16 18:56:51 [notice] 1#1: built by gcc 10.2.1 20210110 (Debian 10.2.1-6) 
2022/11/16 18:56:51 [notice] 1#1: OS: Linux 5.10.102.1-microsoft-standard-WSL2
2022/11/16 18:56:51 [notice] 1#1: getrlimit(RLIMIT_NOFILE): 1048576:1048576
2022/11/16 18:56:51 [notice] 1#1: start worker processes
2022/11/16 18:56:51 [notice] 1#1: start worker process 20
2022/11/16 18:56:51 [notice] 1#1: start worker process 21
2022/11/16 18:56:51 [notice] 1#1: start worker process 22
2022/11/16 18:56:51 [notice] 1#1: start worker process 23
2022/11/16 18:56:51 [notice] 1#1: start worker process 24
2022/11/16 18:56:51 [notice] 1#1: start worker process 25
2022/11/16 18:56:51 [notice] 1#1: start worker process 26
2022/11/16 18:56:51 [notice] 1#1: start worker process 27
2022/11/16 18:56:51 [notice] 1#1: start worker process 28
2022/11/16 18:56:51 [notice] 1#1: start worker process 29
2022/11/16 18:56:51 [notice] 1#1: start worker process 30
2022/11/16 18:56:51 [notice] 1#1: start worker process 31
2022/11/16 18:57:09 [notice] 1#1: using the "epoll" event method
2022/11/16 18:57:09 [notice] 1#1: nginx/1.23.2
2022/11/16 18:57:09 [notice] 1#1: built by gcc 10.2.1 20210110 (Debian 10.2.1-6) 
2022/11/16 18:57:09 [notice] 1#1: OS: Linux 5.10.102.1-microsoft-standard-WSL2
2022/11/16 18:57:09 [notice] 1#1: getrlimit(RLIMIT_NOFILE): 1048576:1048576
2022/11/16 18:57:09 [notice] 1#1: start worker processes
2022/11/16 18:57:09 [notice] 1#1: start worker process 20
2022/11/16 18:57:09 [notice] 1#1: start worker process 21
2022/11/16 18:57:09 [notice] 1#1: start worker process 22
2022/11/16 18:57:09 [notice] 1#1: start worker process 23
2022/11/16 18:57:09 [notice] 1#1: start worker process 24
2022/11/16 18:57:09 [notice] 1#1: start worker process 25
2022/11/16 18:57:09 [notice] 1#1: start worker process 26
2022/11/16 18:57:09 [notice] 1#1: start worker process 27
2022/11/16 18:57:09 [notice] 1#1: start worker process 28
2022/11/16 18:57:09 [notice] 1#1: start worker process 29
2022/11/16 18:57:09 [notice] 1#1: start worker process 30
2022/11/16 18:57:09 [notice] 1#1: start worker process 31
2022/11/16 18:57:35 [notice] 1#1: using the "epoll" event method
2022/11/16 18:57:35 [notice] 1#1: nginx/1.23.2
2022/11/16 18:57:35 [notice] 1#1: built by gcc 10.2.1 20210110 (Debian 10.2.1-6) 
2022/11/16 18:57:35 [notice] 1#1: OS: Linux 5.10.102.1-microsoft-standard-WSL2
2022/11/16 18:57:35 [notice] 1#1: getrlimit(RLIMIT_NOFILE): 1048576:1048576
2022/11/16 18:57:35 [notice] 1#1: start worker processes
2022/11/16 18:57:35 [notice] 1#1: start worker process 20
2022/11/16 18:57:35 [notice] 1#1: start worker process 21
2022/11/16 18:57:35 [notice] 1#1: start worker process 22
2022/11/16 18:57:35 [notice] 1#1: start worker process 23
2022/11/16 18:57:35 [notice] 1#1: start worker process 24
2022/11/16 18:57:35 [notice] 1#1: start worker process 25
2022/11/16 18:57:35 [notice] 1#1: start worker process 26
2022/11/16 18:57:35 [notice] 1#1: start worker process 27
2022/11/16 18:57:35 [notice] 1#1: start worker process 28
2022/11/16 18:57:35 [notice] 1#1: start worker process 29
2022/11/16 18:57:35 [notice] 1#1: start worker process 30
2022/11/16 18:57:35 [notice] 1#1: start worker process 31
2022/11/16 19:03:11 [notice] 1#1: signal 3 (SIGQUIT) received, shutting down
2022/11/16 19:03:11 [notice] 20#20: gracefully shutting down
2022/11/16 19:03:11 [notice] 26#26: gracefully shutting down
2022/11/16 19:03:11 [notice] 21#21: gracefully shutting down
2022/11/16 19:03:11 [notice] 22#22: gracefully shutting down
2022/11/16 19:03:11 [notice] 24#24: gracefully shutting down
2022/11/16 19:03:11 [notice] 23#23: gracefully shutting down
2022/11/16 19:03:11 [notice] 27#27: gracefully shutting down
2022/11/16 19:03:11 [notice] 25#25: gracefully shutting down
2022/11/16 19:03:11 [notice] 28#28: gracefully shutting down
2022/11/16 19:03:11 [notice] 30#30: gracefully shutting down
2022/11/16 19:03:11 [notice] 29#29: gracefully shutting down
2022/11/16 19:03:11 [notice] 31#31: gracefully shutting down
2022/11/16 19:03:11 [notice] 20#20: exiting
2022/11/16 19:03:11 [notice] 26#26: exiting
2022/11/16 19:03:11 [notice] 21#21: exiting
2022/11/16 19:03:11 [notice] 22#22: exiting
2022/11/16 19:03:11 [notice] 24#24: exiting
2022/11/16 19:03:11 [notice] 23#23: exiting
2022/11/16 19:03:11 [notice] 27#27: exiting
2022/11/16 19:03:11 [notice] 25#25: exiting
2022/11/16 19:03:11 [notice] 28#28: exiting
2022/11/16 19:03:11 [notice] 30#30: exiting
2022/11/16 19:03:11 [notice] 29#29: exiting
2022/11/16 19:03:11 [notice] 31#31: exiting
2022/11/16 19:03:11 [notice] 20#20: exit
2022/11/16 19:03:11 [notice] 26#26: exit
2022/11/16 19:03:11 [notice] 21#21: exit
2022/11/16 19:03:11 [notice] 22#22: exit
2022/11/16 19:03:11 [notice] 24#24: exit
2022/11/16 19:03:11 [notice] 23#23: exit
2022/11/16 19:03:11 [notice] 27#27: exit
2022/11/16 19:03:11 [notice] 25#25: exit
2022/11/16 19:03:11 [notice] 28#28: exit
2022/11/16 19:03:11 [notice] 30#30: exit
2022/11/16 19:03:11 [notice] 29#29: exit
2022/11/16 19:03:11 [notice] 31#31: exit
2022/11/16 19:03:11 [notice] 1#1: signal 17 (SIGCHLD) received from 29
2022/11/16 19:03:11 [notice] 1#1: worker process 22 exited with code 0
2022/11/16 19:03:11 [notice] 1#1: worker process 24 exited with code 0
2022/11/16 19:03:11 [notice] 1#1: worker process 25 exited with code 0
2022/11/16 19:03:11 [notice] 1#1: worker process 26 exited with code 0
2022/11/16 19:03:11 [notice] 1#1: worker process 28 exited with code 0
2022/11/16 19:03:11 [notice] 1#1: worker process 29 exited with code 0
2022/11/16 19:03:11 [notice] 1#1: worker process 30 exited with code 0
2022/11/16 19:03:11 [notice] 1#1: worker process 31 exited with code 0
2022/11/16 19:03:11 [notice] 1#1: signal 29 (SIGIO) received
2022/11/16 19:03:11 [notice] 1#1: signal 17 (SIGCHLD) received from 30
2022/11/16 19:03:11 [notice] 1#1: signal 17 (SIGCHLD) received from 27
2022/11/16 19:03:11 [notice] 1#1: worker process 20 exited with code 0
2022/11/16 19:03:11 [notice] 1#1: worker process 21 exited with code 0
2022/11/16 19:03:11 [notice] 1#1: worker process 27 exited with code 0
2022/11/16 19:03:11 [notice] 1#1: signal 29 (SIGIO) received
2022/11/16 19:03:11 [notice] 1#1: signal 17 (SIGCHLD) received from 20
2022/11/16 19:03:11 [notice] 1#1: signal 17 (SIGCHLD) received from 23
2022/11/16 19:03:11 [notice] 1#1: worker process 23 exited with code 0
2022/11/16 19:03:11 [notice] 1#1: exit
2022/11/16 19:13:37 [notice] 1#1: using the "epoll" event method
2022/11/16 19:13:37 [notice] 1#1: nginx/1.23.2
2022/11/16 19:13:37 [notice] 1#1: built by gcc 10.2.1 20210110 (Debian 10.2.1-6) 
2022/11/16 19:13:37 [notice] 1#1: OS: Linux 5.10.102.1-microsoft-standard-WSL2
2022/11/16 19:13:37 [notice] 1#1: getrlimit(RLIMIT_NOFILE): 1048576:1048576
2022/11/16 19:13:37 [notice] 1#1: start worker processes
2022/11/16 19:13:37 [notice] 1#1: start worker process 20
2022/11/16 19:13:37 [notice] 1#1: start worker process 21
2022/11/16 19:13:37 [notice] 1#1: start worker process 22
2022/11/16 19:13:37 [notice] 1#1: start worker process 23
2022/11/16 19:13:37 [notice] 1#1: start worker process 24
2022/11/16 19:13:37 [notice] 1#1: start worker process 25
2022/11/16 19:13:37 [notice] 1#1: start worker process 26
2022/11/16 19:13:37 [notice] 1#1: start worker process 27
2022/11/16 19:13:37 [notice] 1#1: start worker process 28
2022/11/16 19:13:37 [notice] 1#1: start worker process 29
2022/11/16 19:13:37 [notice] 1#1: start worker process 30
2022/11/16 19:13:37 [notice] 1#1: start worker process 31
2022/11/16 19:16:57 [notice] 1#1: signal 3 (SIGQUIT) received, shutting down
2022/11/16 19:16:57 [notice] 20#20: gracefully shutting down
2022/11/16 19:16:57 [notice] 21#21: gracefully shutting down
2022/11/16 19:16:57 [notice] 21#21: exiting
2022/11/16 19:16:57 [notice] 22#22: gracefully shutting down
2022/11/16 19:16:57 [notice] 22#22: exiting
2022/11/16 19:16:57 [notice] 23#23: gracefully shutting down
2022/11/16 19:16:57 [notice] 24#24: gracefully shutting down
2022/11/16 19:16:57 [notice] 24#24: exiting
2022/11/16 19:16:57 [notice] 25#25: gracefully shutting down
2022/11/16 19:16:57 [notice] 26#26: gracefully shutting down
2022/11/16 19:16:57 [notice] 28#28: gracefully shutting down
2022/11/16 19:16:57 [notice] 30#30: gracefully shutting down
2022/11/16 19:16:57 [notice] 27#27: gracefully shutting down
2022/11/16 19:16:57 [notice] 31#31: gracefully shutting down
2022/11/16 19:16:57 [notice] 29#29: gracefully shutting down
2022/11/16 19:16:57 [notice] 20#20: exiting
2022/11/16 19:16:57 [notice] 21#21: exit
2022/11/16 19:16:57 [notice] 22#22: exit
2022/11/16 19:16:57 [notice] 23#23: exiting
2022/11/16 19:16:57 [notice] 24#24: exit
2022/11/16 19:16:57 [notice] 25#25: exiting
2022/11/16 19:16:57 [notice] 26#26: exiting
2022/11/16 19:16:57 [notice] 28#28: exiting
2022/11/16 19:16:57 [notice] 30#30: exiting
2022/11/16 19:16:57 [notice] 27#27: exiting
2022/11/16 19:16:57 [notice] 31#31: exiting
2022/11/16 19:16:57 [notice] 29#29: exiting
2022/11/16 19:16:57 [notice] 20#20: exit
2022/11/16 19:16:57 [notice] 23#23: exit
2022/11/16 19:16:57 [notice] 25#25: exit
2022/11/16 19:16:57 [notice] 26#26: exit
2022/11/16 19:16:57 [notice] 28#28: exit
2022/11/16 19:16:57 [notice] 30#30: exit
2022/11/16 19:16:57 [notice] 27#27: exit
2022/11/16 19:16:57 [notice] 31#31: exit
2022/11/16 19:16:57 [notice] 29#29: exit
2022/11/16 19:16:57 [notice] 1#1: signal 17 (SIGCHLD) received from 25
2022/11/16 19:16:57 [notice] 1#1: worker process 25 exited with code 0
2022/11/16 19:16:57 [notice] 1#1: worker process 28 exited with code 0
2022/11/16 19:16:57 [notice] 1#1: signal 29 (SIGIO) received
2022/11/16 19:16:57 [notice] 1#1: signal 17 (SIGCHLD) received from 29
2022/11/16 19:16:57 [notice] 1#1: worker process 20 exited with code 0
2022/11/16 19:16:57 [notice] 1#1: worker process 29 exited with code 0
2022/11/16 19:16:57 [notice] 1#1: signal 29 (SIGIO) received
2022/11/16 19:16:57 [notice] 1#1: signal 17 (SIGCHLD) received from 20
2022/11/16 19:16:57 [notice] 1#1: signal 17 (SIGCHLD) received from 22
2022/11/16 19:16:57 [notice] 1#1: worker process 21 exited with code 0
2022/11/16 19:16:57 [notice] 1#1: worker process 22 exited with code 0
2022/11/16 19:16:57 [notice] 1#1: worker process 24 exited with code 0
2022/11/16 19:16:57 [notice] 1#1: worker process 27 exited with code 0
2022/11/16 19:16:57 [notice] 1#1: signal 29 (SIGIO) received
2022/11/16 19:16:57 [notice] 1#1: signal 17 (SIGCHLD) received from 21
2022/11/16 19:16:57 [notice] 1#1: signal 17 (SIGCHLD) received from 31
2022/11/16 19:16:57 [notice] 1#1: worker process 31 exited with code 0
2022/11/16 19:16:57 [notice] 1#1: signal 29 (SIGIO) received
2022/11/16 19:16:57 [notice] 1#1: signal 17 (SIGCHLD) received from 23
2022/11/16 19:16:57 [notice] 1#1: worker process 23 exited with code 0
2022/11/16 19:16:57 [notice] 1#1: worker process 26 exited with code 0
2022/11/16 19:16:57 [notice] 1#1: worker process 30 exited with code 0
2022/11/16 19:16:57 [notice] 1#1: exit
2022/11/16 21:59:58 [notice] 1#1: using the "epoll" event method
2022/11/16 21:59:58 [notice] 1#1: nginx/1.23.2
2022/11/16 21:59:58 [notice] 1#1: built by gcc 10.2.1 20210110 (Debian 10.2.1-6) 
2022/11/16 21:59:58 [notice] 1#1: OS: Linux 5.10.102.1-microsoft-standard-WSL2
2022/11/16 21:59:58 [notice] 1#1: getrlimit(RLIMIT_NOFILE): 1048576:1048576
2022/11/16 21:59:58 [notice] 1#1: start worker processes
2022/11/16 21:59:58 [notice] 1#1: start worker process 20
2022/11/16 21:59:58 [notice] 1#1: start worker process 21
2022/11/16 21:59:58 [notice] 1#1: start worker process 22
2022/11/16 21:59:58 [notice] 1#1: start worker process 23
2022/11/16 21:59:58 [notice] 1#1: start worker process 24
2022/11/16 21:59:58 [notice] 1#1: start worker process 25
2022/11/16 21:59:58 [notice] 1#1: start worker process 26
2022/11/16 21:59:58 [notice] 1#1: start worker process 27
2022/11/16 21:59:58 [notice] 1#1: start worker process 28
2022/11/16 21:59:58 [notice] 1#1: start worker process 29
2022/11/16 21:59:58 [notice] 1#1: start worker process 30
2022/11/16 21:59:58 [notice] 1#1: start worker process 31
2022/11/16 22:03:28 [notice] 1#1: signal 3 (SIGQUIT) received, shutting down
2022/11/16 22:03:28 [notice] 20#20: gracefully shutting down
2022/11/16 22:03:28 [notice] 21#21: gracefully shutting down
2022/11/16 22:03:28 [notice] 22#22: gracefully shutting down
2022/11/16 22:03:28 [notice] 23#23: gracefully shutting down
2022/11/16 22:03:28 [notice] 24#24: gracefully shutting down
2022/11/16 22:03:28 [notice] 25#25: gracefully shutting down
2022/11/16 22:03:28 [notice] 26#26: gracefully shutting down
2022/11/16 22:03:28 [notice] 28#28: gracefully shutting down
2022/11/16 22:03:28 [notice] 27#27: gracefully shutting down
2022/11/16 22:03:28 [notice] 20#20: exiting
2022/11/16 22:03:28 [notice] 31#31: gracefully shutting down
2022/11/16 22:03:28 [notice] 30#30: gracefully shutting down
2022/11/16 22:03:28 [notice] 29#29: gracefully shutting down
2022/11/16 22:03:28 [notice] 21#21: exiting
2022/11/16 22:03:28 [notice] 22#22: exiting
2022/11/16 22:03:28 [notice] 23#23: exiting
2022/11/16 22:03:28 [notice] 24#24: exiting
2022/11/16 22:03:28 [notice] 25#25: exiting
2022/11/16 22:03:28 [notice] 26#26: exiting
2022/11/16 22:03:28 [notice] 28#28: exiting
2022/11/16 22:03:28 [notice] 27#27: exiting
2022/11/16 22:03:28 [notice] 20#20: exit
2022/11/16 22:03:28 [notice] 31#31: exiting
2022/11/16 22:03:28 [notice] 30#30: exiting
2022/11/16 22:03:28 [notice] 29#29: exiting
2022/11/16 22:03:28 [notice] 21#21: exit
2022/11/16 22:03:28 [notice] 22#22: exit
2022/11/16 22:03:28 [notice] 23#23: exit
2022/11/16 22:03:28 [notice] 24#24: exit
2022/11/16 22:03:28 [notice] 25#25: exit
2022/11/16 22:03:28 [notice] 26#26: exit
2022/11/16 22:03:28 [notice] 28#28: exit
2022/11/16 22:03:28 [notice] 27#27: exit
2022/11/16 22:03:28 [notice] 31#31: exit
2022/11/16 22:03:28 [notice] 30#30: exit
2022/11/16 22:03:28 [notice] 29#29: exit
2022/11/16 22:03:28 [notice] 1#1: signal 17 (SIGCHLD) received from 31
2022/11/16 22:03:28 [notice] 1#1: worker process 20 exited with code 0
2022/11/16 22:03:28 [notice] 1#1: worker process 21 exited with code 0
2022/11/16 22:03:28 [notice] 1#1: worker process 31 exited with code 0
2022/11/16 22:03:28 [notice] 1#1: signal 29 (SIGIO) received
2022/11/16 22:03:28 [notice] 1#1: signal 17 (SIGCHLD) received from 20
2022/11/16 22:03:28 [notice] 1#1: signal 17 (SIGCHLD) received from 22
2022/11/16 22:03:28 [notice] 1#1: worker process 22 exited with code 0
2022/11/16 22:03:28 [notice] 1#1: worker process 29 exited with code 0
2022/11/16 22:03:28 [notice] 1#1: signal 29 (SIGIO) received
2022/11/16 22:03:28 [notice] 1#1: signal 17 (SIGCHLD) received from 27
2022/11/16 22:03:28 [notice] 1#1: worker process 27 exited with code 0
2022/11/16 22:03:28 [notice] 1#1: signal 29 (SIGIO) received
2022/11/16 22:03:28 [notice] 1#1: signal 17 (SIGCHLD) received from 24
2022/11/16 22:03:28 [notice] 1#1: worker process 24 exited with code 0
2022/11/16 22:03:28 [notice] 1#1: signal 29 (SIGIO) received
2022/11/16 22:03:28 [notice] 1#1: signal 17 (SIGCHLD) received from 30
2022/11/16 22:03:28 [notice] 1#1: worker process 23 exited with code 0
2022/11/16 22:03:28 [notice] 1#1: worker process 26 exited with code 0
2022/11/16 22:03:28 [notice] 1#1: worker process 30 exited with code 0
2022/11/16 22:03:28 [notice] 1#1: signal 29 (SIGIO) received
2022/11/16 22:03:28 [notice] 1#1: signal 17 (SIGCHLD) received from 23
2022/11/16 22:03:28 [notice] 1#1: signal 17 (SIGCHLD) received from 28
2022/11/16 22:03:28 [notice] 1#1: worker process 25 exited with code 0
2022/11/16 22:03:28 [notice] 1#1: worker process 28 exited with code 0
2022/11/16 22:03:28 [notice] 1#1: exit
2022/11/16 22:03:32 [notice] 1#1: using the "epoll" event method
2022/11/16 22:03:32 [notice] 1#1: nginx/1.23.2
2022/11/16 22:03:32 [notice] 1#1: built by gcc 10.2.1 20210110 (Debian 10.2.1-6) 
2022/11/16 22:03:32 [notice] 1#1: OS: Linux 5.10.102.1-microsoft-standard-WSL2
2022/11/16 22:03:32 [notice] 1#1: getrlimit(RLIMIT_NOFILE): 1048576:1048576
2022/11/16 22:03:32 [notice] 1#1: start worker processes
2022/11/16 22:03:32 [notice] 1#1: start worker process 21
2022/11/16 22:03:32 [notice] 1#1: start worker process 22
2022/11/16 22:03:32 [notice] 1#1: start worker process 23
2022/11/16 22:03:32 [notice] 1#1: start worker process 24
2022/11/16 22:03:32 [notice] 1#1: start worker process 25
2022/11/16 22:03:32 [notice] 1#1: start worker process 26
2022/11/16 22:03:32 [notice] 1#1: start worker process 27
2022/11/16 22:03:32 [notice] 1#1: start worker process 28
2022/11/16 22:03:32 [notice] 1#1: start worker process 29
2022/11/16 22:03:32 [notice] 1#1: start worker process 30
2022/11/16 22:03:32 [notice] 1#1: start worker process 31
2022/11/16 22:03:32 [notice] 1#1: start worker process 32
2022/11/16 22:26:49 [notice] 1#1: using the "epoll" event method
2022/11/16 22:26:49 [notice] 1#1: nginx/1.23.2
2022/11/16 22:26:49 [notice] 1#1: built by gcc 10.2.1 20210110 (Debian 10.2.1-6) 
2022/11/16 22:26:49 [notice] 1#1: OS: Linux 5.10.102.1-microsoft-standard-WSL2
2022/11/16 22:26:49 [notice] 1#1: getrlimit(RLIMIT_NOFILE): 1048576:1048576
2022/11/16 22:26:49 [notice] 1#1: start worker processes
2022/11/16 22:26:49 [notice] 1#1: start worker process 20
2022/11/16 22:26:49 [notice] 1#1: start worker process 21
2022/11/16 22:26:49 [notice] 1#1: start worker process 22
2022/11/16 22:26:49 [notice] 1#1: start worker process 23
2022/11/16 22:26:49 [notice] 1#1: start worker process 24
2022/11/16 22:26:49 [notice] 1#1: start worker process 25
2022/11/16 22:26:49 [notice] 1#1: start worker process 26
2022/11/16 22:26:49 [notice] 1#1: start worker process 27
2022/11/16 22:26:49 [notice] 1#1: start worker process 28
2022/11/16 22:26:49 [notice] 1#1: start worker process 29
2022/11/16 22:26:49 [notice] 1#1: start worker process 30
2022/11/16 22:26:49 [notice] 1#1: start worker process 31
2022/11/16 22:28:40 [notice] 1#1: using the "epoll" event method
2022/11/16 22:28:40 [notice] 1#1: nginx/1.23.2
2022/11/16 22:28:40 [notice] 1#1: built by gcc 10.2.1 20210110 (Debian 10.2.1-6) 
2022/11/16 22:28:40 [notice] 1#1: OS: Linux 5.10.102.1-microsoft-standard-WSL2
2022/11/16 22:28:40 [notice] 1#1: getrlimit(RLIMIT_NOFILE): 1048576:1048576
2022/11/16 22:28:40 [notice] 1#1: start worker processes
2022/11/16 22:28:40 [notice] 1#1: start worker process 20
2022/11/16 22:28:40 [notice] 1#1: start worker process 21
2022/11/16 22:28:40 [notice] 1#1: start worker process 22
2022/11/16 22:28:40 [notice] 1#1: start worker process 23
2022/11/16 22:28:40 [notice] 1#1: start worker process 24
2022/11/16 22:28:40 [notice] 1#1: start worker process 25
2022/11/16 22:28:40 [notice] 1#1: start worker process 26
2022/11/16 22:28:40 [notice] 1#1: start worker process 27
2022/11/16 22:28:40 [notice] 1#1: start worker process 28
2022/11/16 22:28:40 [notice] 1#1: start worker process 29
2022/11/16 22:28:40 [notice] 1#1: start worker process 30
2022/11/16 22:28:40 [notice] 1#1: start worker process 31
2022/11/16 22:29:36 [notice] 1#1: using the "epoll" event method
2022/11/16 22:29:36 [notice] 1#1: nginx/1.23.2
2022/11/16 22:29:36 [notice] 1#1: built by gcc 10.2.1 20210110 (Debian 10.2.1-6) 
2022/11/16 22:29:36 [notice] 1#1: OS: Linux 5.10.102.1-microsoft-standard-WSL2
2022/11/16 22:29:36 [notice] 1#1: getrlimit(RLIMIT_NOFILE): 1048576:1048576
2022/11/16 22:29:36 [notice] 1#1: start worker processes
2022/11/16 22:29:36 [notice] 1#1: start worker process 20
2022/11/16 22:29:36 [notice] 1#1: start worker process 21
2022/11/16 22:29:36 [notice] 1#1: start worker process 22
2022/11/16 22:29:36 [notice] 1#1: start worker process 23
2022/11/16 22:29:36 [notice] 1#1: start worker process 24
2022/11/16 22:29:36 [notice] 1#1: start worker process 25
2022/11/16 22:29:36 [notice] 1#1: start worker process 26
2022/11/16 22:29:36 [notice] 1#1: start worker process 27
2022/11/16 22:29:36 [notice] 1#1: start worker process 28
2022/11/16 22:29:36 [notice] 1#1: start worker process 29
2022/11/16 22:29:36 [notice] 1#1: start worker process 30
2022/11/16 22:29:36 [notice] 1#1: start worker process 31
2022/11/16 22:30:58 [notice] 1#1: using the "epoll" event method
2022/11/16 22:30:58 [notice] 1#1: nginx/1.23.2
2022/11/16 22:30:58 [notice] 1#1: built by gcc 10.2.1 20210110 (Debian 10.2.1-6) 
2022/11/16 22:30:58 [notice] 1#1: OS: Linux 5.10.102.1-microsoft-standard-WSL2
2022/11/16 22:30:58 [notice] 1#1: getrlimit(RLIMIT_NOFILE): 1048576:1048576
2022/11/16 22:30:58 [notice] 1#1: start worker processes
2022/11/16 22:30:58 [notice] 1#1: start worker process 20
2022/11/16 22:30:58 [notice] 1#1: start worker process 21
2022/11/16 22:30:58 [notice] 1#1: start worker process 22
2022/11/16 22:30:58 [notice] 1#1: start worker process 23
2022/11/16 22:30:58 [notice] 1#1: start worker process 24
2022/11/16 22:30:58 [notice] 1#1: start worker process 25
2022/11/16 22:30:58 [notice] 1#1: start worker process 26
2022/11/16 22:30:58 [notice] 1#1: start worker process 27
2022/11/16 22:30:58 [notice] 1#1: start worker process 28
2022/11/16 22:30:58 [notice] 1#1: start worker process 29
2022/11/16 22:30:58 [notice] 1#1: start worker process 30
2022/11/16 22:30:58 [notice] 1#1: start worker process 31
2022/11/16 22:32:49 [emerg] 1#1: "proxy_cache" zone "STATIC" is unknown in /etc/nginx/nginx.conf:32
2022/11/16 22:32:50 [emerg] 1#1: "proxy_cache" zone "STATIC" is unknown in /etc/nginx/nginx.conf:32
2022/11/16 22:32:51 [emerg] 1#1: "proxy_cache" zone "STATIC" is unknown in /etc/nginx/nginx.conf:32
2022/11/16 22:32:52 [emerg] 1#1: "proxy_cache" zone "STATIC" is unknown in /etc/nginx/nginx.conf:32
2022/11/16 22:32:53 [emerg] 1#1: "proxy_cache" zone "STATIC" is unknown in /etc/nginx/nginx.conf:32
2022/11/16 22:32:55 [emerg] 1#1: "proxy_cache" zone "STATIC" is unknown in /etc/nginx/nginx.conf:32
2022/11/16 22:33:15 [notice] 1#1: using the "epoll" event method
2022/11/16 22:33:15 [notice] 1#1: nginx/1.23.2
2022/11/16 22:33:15 [notice] 1#1: built by gcc 10.2.1 20210110 (Debian 10.2.1-6) 
2022/11/16 22:33:15 [notice] 1#1: OS: Linux 5.10.102.1-microsoft-standard-WSL2
2022/11/16 22:33:15 [notice] 1#1: getrlimit(RLIMIT_NOFILE): 1048576:1048576
2022/11/16 22:33:15 [notice] 1#1: start worker processes
2022/11/16 22:33:15 [notice] 1#1: start worker process 20
2022/11/16 22:33:15 [notice] 1#1: start worker process 21
2022/11/16 22:33:15 [notice] 1#1: start worker process 22
2022/11/16 22:33:15 [notice] 1#1: start worker process 23
2022/11/16 22:33:15 [notice] 1#1: start worker process 24
2022/11/16 22:33:15 [notice] 1#1: start worker process 25
2022/11/16 22:33:15 [notice] 1#1: start worker process 26
2022/11/16 22:33:15 [notice] 1#1: start worker process 27
2022/11/16 22:33:15 [notice] 1#1: start worker process 28
2022/11/16 22:33:15 [notice] 1#1: start worker process 29
2022/11/16 22:33:15 [notice] 1#1: start worker process 30
2022/11/16 22:33:15 [notice] 1#1: start worker process 31
2022/11/16 22:34:02 [emerg] 1#1: "proxy_cache" zone "STATIC" is unknown in /etc/nginx/nginx.conf:32
2022/11/16 22:34:03 [emerg] 1#1: "proxy_cache" zone "STATIC" is unknown in /etc/nginx/nginx.conf:32
2022/11/16 22:34:04 [emerg] 1#1: "proxy_cache" zone "STATIC" is unknown in /etc/nginx/nginx.conf:32
2022/11/16 22:34:05 [emerg] 1#1: "proxy_cache" zone "STATIC" is unknown in /etc/nginx/nginx.conf:32
2022/11/16 22:34:06 [emerg] 1#1: "proxy_cache" zone "STATIC" is unknown in /etc/nginx/nginx.conf:32
2022/11/16 22:34:09 [emerg] 1#1: "proxy_cache" zone "STATIC" is unknown in /etc/nginx/nginx.conf:32
2022/11/16 22:34:12 [emerg] 1#1: "proxy_cache" zone "STATIC" is unknown in /etc/nginx/nginx.conf:32
2022/11/16 22:34:19 [emerg] 1#1: "proxy_cache" zone "STATIC" is unknown in /etc/nginx/nginx.conf:32
2022/11/16 22:34:33 [emerg] 1#1: "proxy_cache" zone "STATIC" is unknown in /etc/nginx/nginx.conf:32
2022/11/16 22:34:59 [emerg] 1#1: "proxy_cache" zone "STATIC" is unknown in /etc/nginx/nginx.conf:32
2022/11/16 22:35:32 [emerg] 1#1: "proxy_cache" zone "STATIC" is unknown in /etc/nginx/nginx.conf:32
2022/11/16 22:35:33 [emerg] 1#1: "proxy_cache" zone "STATIC" is unknown in /etc/nginx/nginx.conf:32
2022/11/16 22:35:34 [emerg] 1#1: "proxy_cache" zone "STATIC" is unknown in /etc/nginx/nginx.conf:32
2022/11/16 22:35:35 [emerg] 1#1: "proxy_cache" zone "STATIC" is unknown in /etc/nginx/nginx.conf:32
2022/11/16 22:35:36 [emerg] 1#1: "proxy_cache" zone "STATIC" is unknown in /etc/nginx/nginx.conf:32
2022/11/16 22:35:42 [emerg] 1#1: "proxy_cache" zone "STATIC" is unknown in /etc/nginx/nginx.conf:32
2022/11/16 22:35:43 [emerg] 1#1: "proxy_cache" zone "STATIC" is unknown in /etc/nginx/nginx.conf:32
2022/11/16 22:35:44 [emerg] 1#1: "proxy_cache" zone "STATIC" is unknown in /etc/nginx/nginx.conf:32
2022/11/16 22:35:45 [emerg] 1#1: "proxy_cache" zone "STATIC" is unknown in /etc/nginx/nginx.conf:32
2022/11/16 22:35:46 [emerg] 1#1: "proxy_cache" zone "STATIC" is unknown in /etc/nginx/nginx.conf:32
2022/11/16 22:35:48 [emerg] 1#1: "proxy_cache" zone "STATIC" is unknown in /etc/nginx/nginx.conf:32
2022/11/16 22:35:52 [emerg] 1#1: "proxy_cache" zone "STATIC" is unknown in /etc/nginx/nginx.conf:32
2022/11/16 22:35:59 [emerg] 1#1: "proxy_cache" zone "STATIC" is unknown in /etc/nginx/nginx.conf:32
2022/11/16 22:36:12 [emerg] 1#1: "proxy_cache" zone "STATIC" is unknown in /etc/nginx/nginx.conf:32
2022/11/16 22:36:12 [emerg] 1#1: "proxy_cache" zone "STATIC" is unknown in /etc/nginx/nginx.conf:32
2022/11/16 22:36:13 [emerg] 1#1: "proxy_cache" zone "STATIC" is unknown in /etc/nginx/nginx.conf:32
2022/11/16 22:36:14 [emerg] 1#1: "proxy_cache" zone "STATIC" is unknown in /etc/nginx/nginx.conf:32
2022/11/16 22:36:16 [emerg] 1#1: "proxy_cache" zone "STATIC" is unknown in /etc/nginx/nginx.conf:32
2022/11/16 22:38:27 [emerg] 1#1: "proxy_cache" zone "STATIC" is unknown in /etc/nginx/nginx.conf:32
2022/11/16 22:38:28 [emerg] 1#1: "proxy_cache" zone "STATIC" is unknown in /etc/nginx/nginx.conf:32
2022/11/16 22:38:29 [emerg] 1#1: "proxy_cache" zone "STATIC" is unknown in /etc/nginx/nginx.conf:32
2022/11/16 22:38:30 [emerg] 1#1: "proxy_cache" zone "STATIC" is unknown in /etc/nginx/nginx.conf:32
2022/11/16 22:38:31 [emerg] 1#1: "proxy_cache" zone "STATIC" is unknown in /etc/nginx/nginx.conf:32
2022/11/16 22:38:33 [emerg] 1#1: "proxy_cache" zone "STATIC" is unknown in /etc/nginx/nginx.conf:32
2022/11/16 22:38:37 [emerg] 1#1: "proxy_cache" zone "STATIC" is unknown in /etc/nginx/nginx.conf:32
2022/11/16 22:38:44 [emerg] 1#1: "proxy_cache" zone "STATIC" is unknown in /etc/nginx/nginx.conf:32
2022/11/16 22:44:44 [emerg] 1#1: "proxy_cache" zone "STATIC" is unknown in /etc/nginx/nginx.conf:32
2022/11/16 22:44:45 [emerg] 1#1: "proxy_cache" zone "STATIC" is unknown in /etc/nginx/nginx.conf:32
2022/11/16 22:44:46 [emerg] 1#1: "proxy_cache" zone "STATIC" is unknown in /etc/nginx/nginx.conf:32
2022/11/16 22:44:47 [emerg] 1#1: "proxy_cache" zone "STATIC" is unknown in /etc/nginx/nginx.conf:32
2022/11/16 22:44:48 [emerg] 1#1: "proxy_cache" zone "STATIC" is unknown in /etc/nginx/nginx.conf:32
2022/11/16 22:44:50 [emerg] 1#1: "proxy_cache" zone "STATIC" is unknown in /etc/nginx/nginx.conf:32
2022/11/16 22:46:29 [emerg] 1#1: "proxy_cache" zone "STATIC" is unknown in /etc/nginx/nginx.conf:32
2022/11/16 22:46:30 [emerg] 1#1: "proxy_cache" zone "STATIC" is unknown in /etc/nginx/nginx.conf:32
2022/11/16 22:46:31 [emerg] 1#1: "proxy_cache" zone "STATIC" is unknown in /etc/nginx/nginx.conf:32
2022/11/16 22:46:32 [emerg] 1#1: "proxy_cache" zone "STATIC" is unknown in /etc/nginx/nginx.conf:32
2022/11/16 22:46:34 [emerg] 1#1: "proxy_cache" zone "STATIC" is unknown in /etc/nginx/nginx.conf:32
2022/11/16 22:46:36 [emerg] 1#1: "proxy_cache" zone "STATIC" is unknown in /etc/nginx/nginx.conf:32
2022/11/16 22:46:39 [emerg] 1#1: "proxy_cache" zone "STATIC" is unknown in /etc/nginx/nginx.conf:32
2022/11/16 22:46:46 [emerg] 1#1: "proxy_cache" zone "STATIC" is unknown in /etc/nginx/nginx.conf:32
2022/11/16 22:47:00 [emerg] 1#1: "proxy_cache" zone "STATIC" is unknown in /etc/nginx/nginx.conf:32
2022/11/16 22:47:26 [emerg] 1#1: "proxy_cache" zone "STATIC" is unknown in /etc/nginx/nginx.conf:32
2022/11/16 22:48:02 [emerg] 1#1: "proxy_cache" zone "STATIC" is unknown in /etc/nginx/nginx.conf:32
2022/11/16 22:48:03 [emerg] 1#1: "proxy_cache" zone "STATIC" is unknown in /etc/nginx/nginx.conf:32
2022/11/16 22:48:04 [emerg] 1#1: "proxy_cache" zone "STATIC" is unknown in /etc/nginx/nginx.conf:32
2022/11/16 22:48:05 [emerg] 1#1: "proxy_cache" zone "STATIC" is unknown in /etc/nginx/nginx.conf:32
2022/11/16 22:48:06 [emerg] 1#1: "proxy_cache" zone "STATIC" is unknown in /etc/nginx/nginx.conf:32
2022/11/16 22:48:08 [emerg] 1#1: "proxy_cache" zone "STATIC" is unknown in /etc/nginx/nginx.conf:32
2022/11/16 22:48:12 [emerg] 1#1: "proxy_cache" zone "STATIC" is unknown in /etc/nginx/nginx.conf:32
2022/11/16 22:48:19 [emerg] 1#1: "proxy_cache" zone "STATIC" is unknown in /etc/nginx/nginx.conf:32
2022/11/16 22:48:32 [emerg] 1#1: "proxy_cache" zone "STATIC" is unknown in /etc/nginx/nginx.conf:32
2022/11/16 22:48:58 [emerg] 1#1: "proxy_cache" zone "STATIC" is unknown in /etc/nginx/nginx.conf:32
2022/11/16 22:49:50 [emerg] 1#1: "proxy_cache" zone "STATIC" is unknown in /etc/nginx/nginx.conf:32
2022/11/17 08:32:12 [emerg] 1#1: "proxy_cache" zone "STATIC" is unknown in /etc/nginx/nginx.conf:32
2022/11/17 08:33:14 [emerg] 1#1: "proxy_cache" zone "STATIC" is unknown in /etc/nginx/nginx.conf:32
2022/11/17 08:34:15 [emerg] 1#1: "proxy_cache" zone "STATIC" is unknown in /etc/nginx/nginx.conf:32
2022/11/17 08:35:16 [emerg] 1#1: "proxy_cache" zone "STATIC" is unknown in /etc/nginx/nginx.conf:32
2022/11/17 08:36:16 [emerg] 1#1: "proxy_cache" zone "STATIC" is unknown in /etc/nginx/nginx.conf:32
2022/11/17 08:37:17 [emerg] 1#1: "proxy_cache" zone "STATIC" is unknown in /etc/nginx/nginx.conf:32
2022/11/17 08:38:17 [emerg] 1#1: "proxy_cache" zone "STATIC" is unknown in /etc/nginx/nginx.conf:32
2022/11/17 08:39:18 [emerg] 1#1: "proxy_cache" zone "STATIC" is unknown in /etc/nginx/nginx.conf:32
2022/11/17 08:40:18 [emerg] 1#1: "proxy_cache" zone "STATIC" is unknown in /etc/nginx/nginx.conf:32
2022/11/17 08:41:19 [emerg] 1#1: "proxy_cache" zone "STATIC" is unknown in /etc/nginx/nginx.conf:32
2022/11/17 08:42:19 [emerg] 1#1: "proxy_cache" zone "STATIC" is unknown in /etc/nginx/nginx.conf:32
2022/11/17 08:43:20 [emerg] 1#1: "proxy_cache" zone "STATIC" is unknown in /etc/nginx/nginx.conf:32
2022/11/17 08:44:20 [emerg] 1#1: "proxy_cache" zone "STATIC" is unknown in /etc/nginx/nginx.conf:32
2022/11/17 08:45:21 [emerg] 1#1: "proxy_cache" zone "STATIC" is unknown in /etc/nginx/nginx.conf:32
2022/11/17 08:46:22 [emerg] 1#1: "proxy_cache" zone "STATIC" is unknown in /etc/nginx/nginx.conf:32
2022/11/17 08:47:22 [emerg] 1#1: "proxy_cache" zone "STATIC" is unknown in /etc/nginx/nginx.conf:32
2022/11/17 08:48:23 [emerg] 1#1: "proxy_cache" zone "STATIC" is unknown in /etc/nginx/nginx.conf:32
2022/11/17 08:49:23 [emerg] 1#1: "proxy_cache" zone "STATIC" is unknown in /etc/nginx/nginx.conf:32
2022/11/17 08:50:24 [emerg] 1#1: "proxy_cache" zone "STATIC" is unknown in /etc/nginx/nginx.conf:32
2022/11/17 08:51:24 [emerg] 1#1: "proxy_cache" zone "STATIC" is unknown in /etc/nginx/nginx.conf:32
2022/11/17 08:52:25 [emerg] 1#1: "proxy_cache" zone "STATIC" is unknown in /etc/nginx/nginx.conf:32
2022/11/17 08:53:25 [emerg] 1#1: "proxy_cache" zone "STATIC" is unknown in /etc/nginx/nginx.conf:32
2022/11/17 08:54:26 [emerg] 1#1: "proxy_cache" zone "STATIC" is unknown in /etc/nginx/nginx.conf:32
2022/11/17 08:55:26 [emerg] 1#1: "proxy_cache" zone "STATIC" is unknown in /etc/nginx/nginx.conf:32
2022/11/17 08:56:27 [emerg] 1#1: "proxy_cache" zone "STATIC" is unknown in /etc/nginx/nginx.conf:32
2022/11/17 08:57:27 [emerg] 1#1: "proxy_cache" zone "STATIC" is unknown in /etc/nginx/nginx.conf:32
2022/11/17 08:58:28 [emerg] 1#1: "proxy_cache" zone "STATIC" is unknown in /etc/nginx/nginx.conf:32
2022/11/17 08:59:28 [emerg] 1#1: "proxy_cache" zone "STATIC" is unknown in /etc/nginx/nginx.conf:32
2022/11/17 09:00:29 [emerg] 1#1: "proxy_cache" zone "STATIC" is unknown in /etc/nginx/nginx.conf:32
2022/11/17 09:01:29 [emerg] 1#1: "proxy_cache" zone "STATIC" is unknown in /etc/nginx/nginx.conf:32
2022/11/17 09:02:30 [emerg] 1#1: "proxy_cache" zone "STATIC" is unknown in /etc/nginx/nginx.conf:32
2022/11/17 09:03:30 [emerg] 1#1: "proxy_cache" zone "STATIC" is unknown in /etc/nginx/nginx.conf:32
2022/11/17 09:04:31 [emerg] 1#1: "proxy_cache" zone "STATIC" is unknown in /etc/nginx/nginx.conf:32
2022/11/17 09:05:32 [emerg] 1#1: "proxy_cache" zone "STATIC" is unknown in /etc/nginx/nginx.conf:32
2022/11/17 09:06:32 [emerg] 1#1: "proxy_cache" zone "STATIC" is unknown in /etc/nginx/nginx.conf:32
2022/11/17 09:07:33 [emerg] 1#1: "proxy_cache" zone "STATIC" is unknown in /etc/nginx/nginx.conf:32
2022/11/17 09:08:33 [emerg] 1#1: "proxy_cache" zone "STATIC" is unknown in /etc/nginx/nginx.conf:32
2022/11/17 09:09:34 [emerg] 1#1: "proxy_cache" zone "STATIC" is unknown in /etc/nginx/nginx.conf:32
2022/11/17 09:10:34 [emerg] 1#1: "proxy_cache" zone "STATIC" is unknown in /etc/nginx/nginx.conf:32
2022/11/17 09:11:35 [emerg] 1#1: "proxy_cache" zone "STATIC" is unknown in /etc/nginx/nginx.conf:32
2022/11/17 09:12:35 [emerg] 1#1: "proxy_cache" zone "STATIC" is unknown in /etc/nginx/nginx.conf:32
2022/11/17 09:13:36 [emerg] 1#1: "proxy_cache" zone "STATIC" is unknown in /etc/nginx/nginx.conf:32
2022/11/17 09:14:36 [emerg] 1#1: "proxy_cache" zone "STATIC" is unknown in /etc/nginx/nginx.conf:32
2022/11/17 09:15:37 [emerg] 1#1: "proxy_cache" zone "STATIC" is unknown in /etc/nginx/nginx.conf:32
2022/11/17 09:16:37 [emerg] 1#1: "proxy_cache" zone "STATIC" is unknown in /etc/nginx/nginx.conf:32
2022/11/17 09:17:38 [emerg] 1#1: "proxy_cache" zone "STATIC" is unknown in /etc/nginx/nginx.conf:32
2022/11/17 09:18:39 [emerg] 1#1: "proxy_cache" zone "STATIC" is unknown in /etc/nginx/nginx.conf:32
2022/11/17 09:19:39 [emerg] 1#1: "proxy_cache" zone "STATIC" is unknown in /etc/nginx/nginx.conf:32
2022/11/17 09:20:40 [emerg] 1#1: "proxy_cache" zone "STATIC" is unknown in /etc/nginx/nginx.conf:32
2023/01/27 12:43:40 [emerg] 1#1: "proxy_cache" zone "STATIC" is unknown in /etc/nginx/nginx.conf:32
2023/01/27 12:43:42 [emerg] 1#1: "proxy_cache" zone "STATIC" is unknown in /etc/nginx/nginx.conf:32
2023/01/27 12:43:44 [emerg] 1#1: "proxy_cache" zone "STATIC" is unknown in /etc/nginx/nginx.conf:32
2023/01/27 12:43:46 [emerg] 1#1: "proxy_cache" zone "STATIC" is unknown in /etc/nginx/nginx.conf:32
2023/01/27 12:43:48 [emerg] 1#1: "proxy_cache" zone "STATIC" is unknown in /etc/nginx/nginx.conf:32
2023/01/27 12:43:50 [emerg] 1#1: "proxy_cache" zone "STATIC" is unknown in /etc/nginx/nginx.conf:32
2023/01/27 12:43:54 [emerg] 1#1: "proxy_cache" zone "STATIC" is unknown in /etc/nginx/nginx.conf:32
2023/01/27 12:44:02 [emerg] 1#1: "proxy_cache" zone "STATIC" is unknown in /etc/nginx/nginx.conf:32
2023/01/27 12:44:15 [emerg] 1#1: "proxy_cache" zone "STATIC" is unknown in /etc/nginx/nginx.conf:32
2023/01/27 12:50:13 [emerg] 1#1: "proxy_cache" zone "STATIC" is unknown in /etc/nginx/nginx.conf:32
2023/01/27 12:50:15 [emerg] 1#1: "proxy_cache" zone "STATIC" is unknown in /etc/nginx/nginx.conf:32
2023/01/27 12:50:16 [emerg] 1#1: "proxy_cache" zone "STATIC" is unknown in /etc/nginx/nginx.conf:32
2023/01/27 12:50:17 [emerg] 1#1: "proxy_cache" zone "STATIC" is unknown in /etc/nginx/nginx.conf:32
2023/01/27 12:50:19 [emerg] 1#1: "proxy_cache" zone "STATIC" is unknown in /etc/nginx/nginx.conf:32
2023/01/27 12:50:21 [emerg] 1#1: "proxy_cache" zone "STATIC" is unknown in /etc/nginx/nginx.conf:32
2023/01/27 12:50:25 [emerg] 1#1: "proxy_cache" zone "STATIC" is unknown in /etc/nginx/nginx.conf:32
2023/01/27 12:50:32 [emerg] 1#1: "proxy_cache" zone "STATIC" is unknown in /etc/nginx/nginx.conf:32
2023/01/27 12:50:45 [emerg] 1#1: "proxy_cache" zone "STATIC" is unknown in /etc/nginx/nginx.conf:32
2023/01/27 12:51:12 [emerg] 1#1: "proxy_cache" zone "STATIC" is unknown in /etc/nginx/nginx.conf:32
2023/01/27 12:52:03 [emerg] 1#1: "proxy_cache" zone "STATIC" is unknown in /etc/nginx/nginx.conf:32
2023/01/27 12:53:05 [emerg] 1#1: "proxy_cache" zone "STATIC" is unknown in /etc/nginx/nginx.conf:32
2023/01/27 12:54:06 [emerg] 1#1: "proxy_cache" zone "STATIC" is unknown in /etc/nginx/nginx.conf:32
2023/01/27 12:55:07 [emerg] 1#1: "proxy_cache" zone "STATIC" is unknown in /etc/nginx/nginx.conf:32
2023/01/27 12:56:08 [emerg] 1#1: "proxy_cache" zone "STATIC" is unknown in /etc/nginx/nginx.conf:32
2023/01/27 12:57:08 [emerg] 1#1: "proxy_cache" zone "STATIC" is unknown in /etc/nginx/nginx.conf:32
2023/01/27 12:58:09 [emerg] 1#1: "proxy_cache" zone "STATIC" is unknown in /etc/nginx/nginx.conf:32
2023/01/27 12:59:10 [emerg] 1#1: "proxy_cache" zone "STATIC" is unknown in /etc/nginx/nginx.conf:32
2023/01/27 13:00:10 [emerg] 1#1: "proxy_cache" zone "STATIC" is unknown in /etc/nginx/nginx.conf:32
2023/01/27 13:01:11 [emerg] 1#1: "proxy_cache" zone "STATIC" is unknown in /etc/nginx/nginx.conf:32
2023/01/27 13:02:12 [emerg] 1#1: "proxy_cache" zone "STATIC" is unknown in /etc/nginx/nginx.conf:32
2023/01/27 13:03:12 [emerg] 1#1: "proxy_cache" zone "STATIC" is unknown in /etc/nginx/nginx.conf:32
2023/01/27 13:04:13 [emerg] 1#1: "proxy_cache" zone "STATIC" is unknown in /etc/nginx/nginx.conf:32
2023/01/27 13:05:13 [emerg] 1#1: "proxy_cache" zone "STATIC" is unknown in /etc/nginx/nginx.conf:32
2023/01/27 13:06:14 [emerg] 1#1: "proxy_cache" zone "STATIC" is unknown in /etc/nginx/nginx.conf:32
2023/01/27 13:07:15 [emerg] 1#1: "proxy_cache" zone "STATIC" is unknown in /etc/nginx/nginx.conf:32
2023/01/27 13:08:15 [emerg] 1#1: "proxy_cache" zone "STATIC" is unknown in /etc/nginx/nginx.conf:32
2023/01/27 13:09:16 [emerg] 1#1: "proxy_cache" zone "STATIC" is unknown in /etc/nginx/nginx.conf:32
2023/01/27 13:10:16 [emerg] 1#1: "proxy_cache" zone "STATIC" is unknown in /etc/nginx/nginx.conf:32
2023/01/27 13:11:17 [emerg] 1#1: "proxy_cache" zone "STATIC" is unknown in /etc/nginx/nginx.conf:32
2023/01/27 13:12:18 [emerg] 1#1: "proxy_cache" zone "STATIC" is unknown in /etc/nginx/nginx.conf:32
2023/01/27 13:13:18 [emerg] 1#1: "proxy_cache" zone "STATIC" is unknown in /etc/nginx/nginx.conf:32
2023/01/27 13:14:19 [emerg] 1#1: "proxy_cache" zone "STATIC" is unknown in /etc/nginx/nginx.conf:32
2023/01/27 13:15:19 [emerg] 1#1: "proxy_cache" zone "STATIC" is unknown in /etc/nginx/nginx.conf:32
2023/01/27 13:16:20 [emerg] 1#1: "proxy_cache" zone "STATIC" is unknown in /etc/nginx/nginx.conf:32
2023/01/27 13:17:20 [emerg] 1#1: "proxy_cache" zone "STATIC" is unknown in /etc/nginx/nginx.conf:32
2023/01/27 13:18:21 [emerg] 1#1: "proxy_cache" zone "STATIC" is unknown in /etc/nginx/nginx.conf:32
2023/01/27 13:19:22 [emerg] 1#1: "proxy_cache" zone "STATIC" is unknown in /etc/nginx/nginx.conf:32
2023/01/27 13:20:22 [emerg] 1#1: "proxy_cache" zone "STATIC" is unknown in /etc/nginx/nginx.conf:32
2023/01/27 13:21:23 [emerg] 1#1: "proxy_cache" zone "STATIC" is unknown in /etc/nginx/nginx.conf:32
2023/01/27 13:22:24 [emerg] 1#1: "proxy_cache" zone "STATIC" is unknown in /etc/nginx/nginx.conf:32
2023/01/27 13:23:24 [emerg] 1#1: "proxy_cache" zone "STATIC" is unknown in /etc/nginx/nginx.conf:32
2023/01/27 13:24:25 [emerg] 1#1: "proxy_cache" zone "STATIC" is unknown in /etc/nginx/nginx.conf:32
